{"meta": {"format": 3, "version": "7.13.1", "timestamp": "2026-01-26T18:22:58.505213", "branch_coverage": false, "show_contexts": false}, "files": {"src\\__init__.py": {"executed_lines": [3, 4, 5], "summary": {"covered_lines": 3, "num_statements": 3, "percent_covered": 100.0, "percent_covered_display": "100", "missing_lines": 0, "excluded_lines": 0, "percent_statements_covered": 100.0, "percent_statements_covered_display": "100"}, "missing_lines": [], "excluded_lines": [], "functions": {"": {"executed_lines": [3, 4, 5], "summary": {"covered_lines": 3, "num_statements": 3, "percent_covered": 100.0, "percent_covered_display": "100", "missing_lines": 0, "excluded_lines": 0, "percent_statements_covered": 100.0, "percent_statements_covered_display": "100"}, "missing_lines": [], "excluded_lines": [], "start_line": 1}}, "classes": {"": {"executed_lines": [3, 4, 5], "summary": {"covered_lines": 3, "num_statements": 3, "percent_covered": 100.0, "percent_covered_display": "100", "missing_lines": 0, "excluded_lines": 0, "percent_statements_covered": 100.0, "percent_statements_covered_display": "100"}, "missing_lines": [], "excluded_lines": [], "start_line": 1}}}, "src\\analyzers\\__init__.py": {"executed_lines": [3, 4, 6], "summary": {"covered_lines": 3, "num_statements": 3, "percent_covered": 100.0, "percent_covered_display": "100", "missing_lines": 0, "excluded_lines": 0, "percent_statements_covered": 100.0, "percent_statements_covered_display": "100"}, "missing_lines": [], "excluded_lines": [], "functions": {"": {"executed_lines": [3, 4, 6], "summary": {"covered_lines": 3, "num_statements": 3, "percent_covered": 100.0, "percent_covered_display": "100", "missing_lines": 0, "excluded_lines": 0, "percent_statements_covered": 100.0, "percent_statements_covered_display": "100"}, "missing_lines": [], "excluded_lines": [], "start_line": 1}}, "classes": {"": {"executed_lines": [3, 4, 6], "summary": {"covered_lines": 3, "num_statements": 3, "percent_covered": 100.0, "percent_covered_display": "100", "missing_lines": 0, "excluded_lines": 0, "percent_statements_covered": 100.0, "percent_statements_covered_display": "100"}, "missing_lines": [], "excluded_lines": [], "start_line": 1}}}, "src\\analyzers\\anomaly.py": {"executed_lines": [3, 4, 5, 7, 8, 10, 11, 13, 16, 19, 20, 21, 24, 27, 28, 29, 30, 31, 34, 35, 38, 39, 40, 41, 42, 43, 44, 45, 48, 49, 52, 53, 54, 55, 56, 57, 58, 61, 64, 70, 82, 83, 86, 88, 107, 111, 114, 119, 121, 125, 128, 129, 130, 131, 132, 133, 142, 143, 150, 152, 153, 155, 167, 168, 171, 178, 179, 180, 183, 186, 188, 198, 204, 205, 208, 209, 211, 214, 215, 217, 218, 221, 223, 244, 246, 252, 253, 256, 257, 258, 260, 263, 264, 265, 267, 269, 270, 273, 275, 277, 278, 280, 282, 283, 285, 304, 306, 355, 374, 428, 491, 500, 504, 506, 507, 508, 511, 513, 517, 521, 522, 523, 524, 525, 526, 529, 530, 532, 534, 535, 537, 539, 543, 546, 552, 554, 555, 560, 561, 570, 571, 576, 577, 581, 583, 587, 589, 590, 592, 596, 597, 598, 601, 602, 605, 606, 607, 610, 612, 614, 615, 617, 619, 620, 622, 633], "summary": {"covered_lines": 166, "num_statements": 263, "percent_covered": 63.11787072243346, "percent_covered_display": "63", "missing_lines": 97, "excluded_lines": 0, "percent_statements_covered": 63.11787072243346, "percent_statements_covered_display": "63"}, "missing_lines": [84, 108, 109, 112, 122, 123, 134, 135, 136, 137, 139, 140, 145, 146, 147, 206, 212, 219, 224, 225, 227, 254, 261, 271, 314, 315, 318, 319, 320, 322, 323, 325, 326, 327, 329, 330, 332, 333, 334, 336, 353, 364, 365, 366, 367, 368, 369, 371, 372, 378, 379, 382, 384, 385, 387, 388, 390, 391, 393, 394, 396, 397, 399, 401, 402, 403, 406, 407, 409, 426, 432, 433, 436, 440, 441, 443, 444, 446, 447, 449, 450, 452, 453, 455, 457, 458, 459, 461, 471, 489, 497, 498, 509, 518, 544, 593, 608], "excluded_lines": [], "functions": {"AnomalyDetector.__init__": {"executed_lines": [70, 82, 83, 86], "summary": {"covered_lines": 4, "num_statements": 5, "percent_covered": 80.0, "percent_covered_display": "80", "missing_lines": 1, "excluded_lines": 0, "percent_statements_covered": 80.0, "percent_statements_covered_display": "80"}, "missing_lines": [84], "excluded_lines": [], "start_line": 64}, "AnomalyDetector.detect_anomalies": {"executed_lines": [107, 111, 114, 119, 121, 125, 128, 129, 130, 131, 132, 133, 142, 143, 150, 152, 153], "summary": {"covered_lines": 17, "num_statements": 31, "percent_covered": 54.83870967741935, "percent_covered_display": "55", "missing_lines": 14, "excluded_lines": 0, "percent_statements_covered": 54.83870967741935, "percent_statements_covered_display": "55"}, "missing_lines": [108, 109, 112, 122, 123, 134, 135, 136, 137, 139, 140, 145, 146, 147], "excluded_lines": [], "start_line": 88}, "AnomalyDetector.generate_report": {"executed_lines": [167, 168, 171, 178, 179, 180, 183, 186, 188], "summary": {"covered_lines": 9, "num_statements": 9, "percent_covered": 100.0, "percent_covered_display": "100", "missing_lines": 0, "excluded_lines": 0, "percent_statements_covered": 100.0, "percent_statements_covered_display": "100"}, "missing_lines": [], "excluded_lines": [], "start_line": 155}, "AnomalyDetector._detect_zscore": {"executed_lines": [204, 205, 208, 209, 211, 214, 215, 217, 218, 221, 223, 244], "summary": {"covered_lines": 12, "num_statements": 18, "percent_covered": 66.66666666666667, "percent_covered_display": "67", "missing_lines": 6, "excluded_lines": 0, "percent_statements_covered": 66.66666666666667, "percent_statements_covered_display": "67"}, "missing_lines": [206, 212, 219, 224, 225, 227], "excluded_lines": [], "start_line": 198}, "AnomalyDetector._detect_iqr": {"executed_lines": [252, 253, 256, 257, 258, 260, 263, 264, 265, 267, 269, 270, 273, 275, 277, 278, 280, 282, 283, 285, 304], "summary": {"covered_lines": 21, "num_statements": 24, "percent_covered": 87.5, "percent_covered_display": "88", "missing_lines": 3, "excluded_lines": 0, "percent_statements_covered": 87.5, "percent_statements_covered_display": "88"}, "missing_lines": [254, 261, 271], "excluded_lines": [], "start_line": 246}, "AnomalyDetector._detect_moving_average": {"executed_lines": [], "summary": {"covered_lines": 0, "num_statements": 17, "percent_covered": 0.0, "percent_covered_display": "0", "missing_lines": 17, "excluded_lines": 0, "percent_statements_covered": 0.0, "percent_statements_covered_display": "0"}, "missing_lines": [314, 315, 318, 319, 320, 322, 323, 325, 326, 327, 329, 330, 332, 333, 334, 336, 353], "excluded_lines": [], "start_line": 306}, "AnomalyDetector._detect_contextual": {"executed_lines": [], "summary": {"covered_lines": 0, "num_statements": 8, "percent_covered": 0.0, "percent_covered_display": "0", "missing_lines": 8, "excluded_lines": 0, "percent_statements_covered": 0.0, "percent_statements_covered_display": "0"}, "missing_lines": [364, 365, 366, 367, 368, 369, 371, 372], "excluded_lines": [], "start_line": 355}, "AnomalyDetector._detect_time_of_day_anomalies": {"executed_lines": [], "summary": {"covered_lines": 0, "num_statements": 21, "percent_covered": 0.0, "percent_covered_display": "0", "missing_lines": 21, "excluded_lines": 0, "percent_statements_covered": 0.0, "percent_statements_covered_display": "0"}, "missing_lines": [378, 379, 382, 384, 385, 387, 388, 390, 391, 393, 394, 396, 397, 399, 401, 402, 403, 406, 407, 409, 426], "excluded_lines": [], "start_line": 374}, "AnomalyDetector._detect_day_of_week_anomalies": {"executed_lines": [], "summary": {"covered_lines": 0, "num_statements": 20, "percent_covered": 0.0, "percent_covered_display": "0", "missing_lines": 20, "excluded_lines": 0, "percent_statements_covered": 0.0, "percent_statements_covered_display": "0"}, "missing_lines": [432, 433, 436, 440, 441, 443, 444, 446, 447, 449, 450, 452, 453, 455, 457, 458, 459, 461, 471, 489], "excluded_lines": [], "start_line": 428}, "AnomalyDetector._detect_sleep_wake_anomalies": {"executed_lines": [], "summary": {"covered_lines": 0, "num_statements": 2, "percent_covered": 0.0, "percent_covered_display": "0", "missing_lines": 2, "excluded_lines": 0, "percent_statements_covered": 0.0, "percent_statements_covered_display": "0"}, "missing_lines": [497, 498], "excluded_lines": [], "start_line": 491}, "AnomalyDetector._calculate_severity": {"executed_lines": [504, 506, 507, 508, 511], "summary": {"covered_lines": 5, "num_statements": 6, "percent_covered": 83.33333333333333, "percent_covered_display": "83", "missing_lines": 1, "excluded_lines": 0, "percent_statements_covered": 83.33333333333333, "percent_statements_covered_display": "83"}, "missing_lines": [509], "excluded_lines": [], "start_line": 500}, "AnomalyDetector._deduplicate_anomalies": {"executed_lines": [517, 521, 522, 523, 524, 525, 526, 529, 530, 532, 534, 535, 537], "summary": {"covered_lines": 13, "num_statements": 14, "percent_covered": 92.85714285714286, "percent_covered_display": "93", "missing_lines": 1, "excluded_lines": 0, "percent_statements_covered": 92.85714285714286, "percent_statements_covered_display": "93"}, "missing_lines": [518], "excluded_lines": [], "start_line": 513}, "AnomalyDetector._analyze_time_distribution": {"executed_lines": [543, 546, 552, 554, 555, 560, 561, 570, 571, 576, 577, 581], "summary": {"covered_lines": 12, "num_statements": 13, "percent_covered": 92.3076923076923, "percent_covered_display": "92", "missing_lines": 1, "excluded_lines": 0, "percent_statements_covered": 92.3076923076923, "percent_statements_covered_display": "92"}, "missing_lines": [544], "excluded_lines": [], "start_line": 539}, "AnomalyDetector._generate_recommendations": {"executed_lines": [587, 589, 590, 592, 596, 597, 598, 601, 602, 605, 606, 607, 610], "summary": {"covered_lines": 13, "num_statements": 15, "percent_covered": 86.66666666666667, "percent_covered_display": "87", "missing_lines": 2, "excluded_lines": 0, "percent_statements_covered": 86.66666666666667, "percent_statements_covered_display": "87"}, "missing_lines": [593, 608], "excluded_lines": [], "start_line": 583}, "AnomalyDetector._records_to_dataframe": {"executed_lines": [614, 615, 617, 619, 620, 622, 633], "summary": {"covered_lines": 7, "num_statements": 7, "percent_covered": 100.0, "percent_covered_display": "100", "missing_lines": 0, "excluded_lines": 0, "percent_statements_covered": 100.0, "percent_statements_covered_display": "100"}, "missing_lines": [], "excluded_lines": [], "start_line": 612}, "": {"executed_lines": [3, 4, 5, 7, 8, 10, 11, 13, 16, 19, 20, 21, 24, 27, 28, 29, 30, 31, 34, 35, 38, 39, 40, 41, 42, 43, 44, 45, 48, 49, 52, 53, 54, 55, 56, 57, 58, 61, 64, 88, 155, 198, 246, 306, 355, 374, 428, 491, 500, 513, 539, 583, 612], "summary": {"covered_lines": 53, "num_statements": 53, "percent_covered": 100.0, "percent_covered_display": "100", "missing_lines": 0, "excluded_lines": 0, "percent_statements_covered": 100.0, "percent_statements_covered_display": "100"}, "missing_lines": [], "excluded_lines": [], "start_line": 1}}, "classes": {"SeverityThresholds": {"executed_lines": [], "summary": {"covered_lines": 0, "num_statements": 0, "percent_covered": 100.0, "percent_covered_display": "100", "missing_lines": 0, "excluded_lines": 0, "percent_statements_covered": 100.0, "percent_statements_covered_display": "100"}, "missing_lines": [], "excluded_lines": [], "start_line": 16}, "AnomalyConfig": {"executed_lines": [], "summary": {"covered_lines": 0, "num_statements": 0, "percent_covered": 100.0, "percent_covered_display": "100", "missing_lines": 0, "excluded_lines": 0, "percent_statements_covered": 100.0, "percent_statements_covered_display": "100"}, "missing_lines": [], "excluded_lines": [], "start_line": 24}, "AnomalyRecord": {"executed_lines": [], "summary": {"covered_lines": 0, "num_statements": 0, "percent_covered": 100.0, "percent_covered_display": "100", "missing_lines": 0, "excluded_lines": 0, "percent_statements_covered": 100.0, "percent_statements_covered_display": "100"}, "missing_lines": [], "excluded_lines": [], "start_line": 35}, "AnomalyReport": {"executed_lines": [], "summary": {"covered_lines": 0, "num_statements": 0, "percent_covered": 100.0, "percent_covered_display": "100", "missing_lines": 0, "excluded_lines": 0, "percent_statements_covered": 100.0, "percent_statements_covered_display": "100"}, "missing_lines": [], "excluded_lines": [], "start_line": 49}, "AnomalyDetector": {"executed_lines": [70, 82, 83, 86, 107, 111, 114, 119, 121, 125, 128, 129, 130, 131, 132, 133, 142, 143, 150, 152, 153, 167, 168, 171, 178, 179, 180, 183, 186, 188, 204, 205, 208, 209, 211, 214, 215, 217, 218, 221, 223, 244, 252, 253, 256, 257, 258, 260, 263, 264, 265, 267, 269, 270, 273, 275, 277, 278, 280, 282, 283, 285, 304, 504, 506, 507, 508, 511, 517, 521, 522, 523, 524, 525, 526, 529, 530, 532, 534, 535, 537, 543, 546, 552, 554, 555, 560, 561, 570, 571, 576, 577, 581, 587, 589, 590, 592, 596, 597, 598, 601, 602, 605, 606, 607, 610, 614, 615, 617, 619, 620, 622, 633], "summary": {"covered_lines": 113, "num_statements": 210, "percent_covered": 53.80952380952381, "percent_covered_display": "54", "missing_lines": 97, "excluded_lines": 0, "percent_statements_covered": 53.80952380952381, "percent_statements_covered_display": "54"}, "missing_lines": [84, 108, 109, 112, 122, 123, 134, 135, 136, 137, 139, 140, 145, 146, 147, 206, 212, 219, 224, 225, 227, 254, 261, 271, 314, 315, 318, 319, 320, 322, 323, 325, 326, 327, 329, 330, 332, 333, 334, 336, 353, 364, 365, 366, 367, 368, 369, 371, 372, 378, 379, 382, 384, 385, 387, 388, 390, 391, 393, 394, 396, 397, 399, 401, 402, 403, 406, 407, 409, 426, 432, 433, 436, 440, 441, 443, 444, 446, 447, 449, 450, 452, 453, 455, 457, 458, 459, 461, 471, 489, 497, 498, 509, 518, 544, 593, 608], "excluded_lines": [], "start_line": 61}, "": {"executed_lines": [3, 4, 5, 7, 8, 10, 11, 13, 16, 19, 20, 21, 24, 27, 28, 29, 30, 31, 34, 35, 38, 39, 40, 41, 42, 43, 44, 45, 48, 49, 52, 53, 54, 55, 56, 57, 58, 61, 64, 88, 155, 198, 246, 306, 355, 374, 428, 491, 500, 513, 539, 583, 612], "summary": {"covered_lines": 53, "num_statements": 53, "percent_covered": 100.0, "percent_covered_display": "100", "missing_lines": 0, "excluded_lines": 0, "percent_statements_covered": 100.0, "percent_statements_covered_display": "100"}, "missing_lines": [], "excluded_lines": [], "start_line": 1}}}, "src\\analyzers\\extended_analyzer.py": {"executed_lines": [], "summary": {"covered_lines": 0, "num_statements": 277, "percent_covered": 0.0, "percent_covered_display": "0", "missing_lines": 277, "excluded_lines": 0, "percent_statements_covered": 0.0, "percent_statements_covered_display": "0"}, "missing_lines": [7, 8, 9, 11, 13, 14, 20, 21, 23, 26, 27, 30, 31, 32, 33, 34, 35, 36, 37, 40, 41, 44, 45, 46, 47, 48, 49, 50, 53, 54, 57, 58, 59, 60, 61, 62, 65, 66, 69, 70, 71, 72, 73, 76, 77, 80, 81, 84, 85, 86, 87, 90, 91, 94, 95, 98, 99, 102, 103, 106, 117, 119, 120, 121, 123, 125, 145, 147, 149, 150, 151, 157, 158, 161, 164, 167, 170, 173, 176, 179, 184, 189, 192, 195, 200, 203, 207, 224, 225, 227, 229, 233, 242, 243, 246, 247, 249, 253, 255, 256, 258, 262, 264, 267, 269, 272, 274, 276, 280, 281, 283, 286, 287, 289, 290, 293, 294, 295, 297, 298, 300, 301, 304, 307, 308, 309, 310, 311, 313, 314, 317, 318, 323, 324, 327, 328, 331, 332, 335, 340, 342, 353, 357, 358, 360, 365, 366, 368, 369, 372, 373, 376, 379, 380, 383, 386, 389, 395, 405, 414, 416, 417, 419, 422, 423, 425, 426, 428, 429, 432, 433, 435, 436, 437, 438, 439, 440, 441, 444, 447, 450, 451, 452, 453, 454, 455, 456, 458, 460, 469, 473, 475, 476, 478, 481, 484, 487, 490, 493, 499, 507, 511, 514, 515, 517, 518, 524, 525, 527, 528, 533, 535, 543, 545, 546, 548, 549, 551, 552, 554, 558, 560, 561, 563, 565, 573, 575, 577, 582, 584, 586, 590, 592, 593, 595, 596, 597, 599, 601, 606, 608, 616, 618, 619, 621, 622, 624, 625, 627, 628, 630, 632, 636, 643, 645, 649, 657, 659, 660, 662, 663, 667, 670, 672, 674, 677, 679, 683, 684, 685, 687, 688, 689, 690, 692, 693, 695], "excluded_lines": [], "functions": {"ExtendedHealthAnalyzer.__init__": {"executed_lines": [], "summary": {"covered_lines": 0, "num_statements": 4, "percent_covered": 0.0, "percent_covered_display": "0", "missing_lines": 4, "excluded_lines": 0, "percent_statements_covered": 0.0, "percent_statements_covered_display": "0"}, "missing_lines": [119, 120, 121, 123], "excluded_lines": [], "start_line": 117}, "ExtendedHealthAnalyzer.analyze_comprehensive_health": {"executed_lines": [], "summary": {"covered_lines": 0, "num_statements": 24, "percent_covered": 0.0, "percent_covered_display": "0", "missing_lines": 24, "excluded_lines": 0, "percent_statements_covered": 0.0, "percent_statements_covered_display": "0"}, "missing_lines": [145, 147, 149, 150, 151, 157, 158, 161, 164, 167, 170, 173, 176, 179, 184, 189, 192, 195, 200, 203, 207, 224, 225, 227], "excluded_lines": [], "start_line": 125}, "ExtendedHealthAnalyzer._categorize_records": {"executed_lines": [], "summary": {"covered_lines": 0, "num_statements": 16, "percent_covered": 0.0, "percent_covered_display": "0", "missing_lines": 16, "excluded_lines": 0, "percent_statements_covered": 0.0, "percent_statements_covered_display": "0"}, "missing_lines": [233, 242, 243, 246, 247, 249, 253, 255, 256, 258, 262, 264, 267, 269, 272, 274], "excluded_lines": [], "start_line": 229}, "ExtendedHealthAnalyzer._analyze_sleep_quality": {"executed_lines": [], "summary": {"covered_lines": 0, "num_statements": 33, "percent_covered": 0.0, "percent_covered_display": "0", "missing_lines": 33, "excluded_lines": 0, "percent_statements_covered": 0.0, "percent_statements_covered_display": "0"}, "missing_lines": [280, 281, 283, 286, 287, 289, 290, 293, 294, 295, 297, 298, 300, 301, 304, 307, 308, 309, 310, 311, 313, 314, 317, 318, 323, 324, 327, 328, 331, 332, 335, 340, 342], "excluded_lines": [], "start_line": 276}, "ExtendedHealthAnalyzer._analyze_activity_patterns": {"executed_lines": [], "summary": {"covered_lines": 0, "num_statements": 16, "percent_covered": 0.0, "percent_covered_display": "0", "missing_lines": 16, "excluded_lines": 0, "percent_statements_covered": 0.0, "percent_statements_covered_display": "0"}, "missing_lines": [357, 358, 360, 365, 366, 368, 369, 372, 373, 376, 379, 380, 383, 386, 389, 395], "excluded_lines": [], "start_line": 353}, "ExtendedHealthAnalyzer._analyze_metabolic_health": {"executed_lines": [], "summary": {"covered_lines": 0, "num_statements": 30, "percent_covered": 0.0, "percent_covered_display": "0", "missing_lines": 30, "excluded_lines": 0, "percent_statements_covered": 0.0, "percent_statements_covered_display": "0"}, "missing_lines": [414, 416, 417, 419, 422, 423, 425, 426, 428, 429, 432, 433, 435, 436, 437, 438, 439, 440, 441, 444, 447, 450, 451, 452, 453, 454, 455, 456, 458, 460], "excluded_lines": [], "start_line": 405}, "ExtendedHealthAnalyzer._analyze_stress_resilience": {"executed_lines": [], "summary": {"covered_lines": 0, "num_statements": 10, "percent_covered": 0.0, "percent_covered_display": "0", "missing_lines": 10, "excluded_lines": 0, "percent_statements_covered": 0.0, "percent_statements_covered_display": "0"}, "missing_lines": [473, 475, 476, 478, 481, 484, 487, 490, 493, 499], "excluded_lines": [], "start_line": 469}, "ExtendedHealthAnalyzer._analyze_health_correlations": {"executed_lines": [], "summary": {"covered_lines": 0, "num_statements": 10, "percent_covered": 0.0, "percent_covered_display": "0", "missing_lines": 10, "excluded_lines": 0, "percent_statements_covered": 0.0, "percent_statements_covered_display": "0"}, "missing_lines": [511, 514, 515, 517, 518, 524, 525, 527, 528, 533], "excluded_lines": [], "start_line": 507}, "ExtendedHealthAnalyzer._generate_predictive_insights": {"executed_lines": [], "summary": {"covered_lines": 0, "num_statements": 12, "percent_covered": 0.0, "percent_covered_display": "0", "missing_lines": 12, "excluded_lines": 0, "percent_statements_covered": 0.0, "percent_statements_covered_display": "0"}, "missing_lines": [543, 545, 546, 548, 549, 551, 552, 554, 558, 560, 561, 563], "excluded_lines": [], "start_line": 535}, "ExtendedHealthAnalyzer._calculate_overall_wellness_score": {"executed_lines": [], "summary": {"covered_lines": 0, "num_statements": 13, "percent_covered": 0.0, "percent_covered_display": "0", "missing_lines": 13, "excluded_lines": 0, "percent_statements_covered": 0.0, "percent_statements_covered_display": "0"}, "missing_lines": [573, 575, 577, 582, 584, 586, 590, 592, 593, 595, 596, 597, 599], "excluded_lines": [], "start_line": 565}, "ExtendedHealthAnalyzer._determine_wellness_trend": {"executed_lines": [], "summary": {"covered_lines": 0, "num_statements": 1, "percent_covered": 0.0, "percent_covered_display": "0", "missing_lines": 1, "excluded_lines": 0, "percent_statements_covered": 0.0, "percent_statements_covered_display": "0"}, "missing_lines": [606], "excluded_lines": [], "start_line": 601}, "ExtendedHealthAnalyzer._generate_priority_actions": {"executed_lines": [], "summary": {"covered_lines": 0, "num_statements": 10, "percent_covered": 0.0, "percent_covered_display": "0", "missing_lines": 10, "excluded_lines": 0, "percent_statements_covered": 0.0, "percent_statements_covered_display": "0"}, "missing_lines": [616, 618, 619, 621, 622, 624, 625, 627, 628, 630], "excluded_lines": [], "start_line": 608}, "ExtendedHealthAnalyzer._generate_lifestyle_optimization": {"executed_lines": [], "summary": {"covered_lines": 0, "num_statements": 2, "percent_covered": 0.0, "percent_covered_display": "0", "missing_lines": 2, "excluded_lines": 0, "percent_statements_covered": 0.0, "percent_statements_covered_display": "0"}, "missing_lines": [636, 643], "excluded_lines": [], "start_line": 632}, "ExtendedHealthAnalyzer._assess_data_completeness": {"executed_lines": [], "summary": {"covered_lines": 0, "num_statements": 9, "percent_covered": 0.0, "percent_covered_display": "0", "missing_lines": 9, "excluded_lines": 0, "percent_statements_covered": 0.0, "percent_statements_covered_display": "0"}, "missing_lines": [649, 657, 659, 660, 662, 663, 667, 670, 672], "excluded_lines": [], "start_line": 645}, "ExtendedHealthAnalyzer._calculate_analysis_confidence": {"executed_lines": [], "summary": {"covered_lines": 0, "num_statements": 1, "percent_covered": 0.0, "percent_covered_display": "0", "missing_lines": 1, "excluded_lines": 0, "percent_statements_covered": 0.0, "percent_statements_covered_display": "0"}, "missing_lines": [677], "excluded_lines": [], "start_line": 674}, "ExtendedHealthAnalyzer._calculate_data_range": {"executed_lines": [], "summary": {"covered_lines": 0, "num_statements": 10, "percent_covered": 0.0, "percent_covered_display": "0", "missing_lines": 10, "excluded_lines": 0, "percent_statements_covered": 0.0, "percent_statements_covered_display": "0"}, "missing_lines": [683, 684, 685, 687, 688, 689, 690, 692, 693, 695], "excluded_lines": [], "start_line": 679}, "": {"executed_lines": [], "summary": {"covered_lines": 0, "num_statements": 76, "percent_covered": 0.0, "percent_covered_display": "0", "missing_lines": 76, "excluded_lines": 0, "percent_statements_covered": 0.0, "percent_statements_covered_display": "0"}, "missing_lines": [7, 8, 9, 11, 13, 14, 20, 21, 23, 26, 27, 30, 31, 32, 33, 34, 35, 36, 37, 40, 41, 44, 45, 46, 47, 48, 49, 50, 53, 54, 57, 58, 59, 60, 61, 62, 65, 66, 69, 70, 71, 72, 73, 76, 77, 80, 81, 84, 85, 86, 87, 90, 91, 94, 95, 98, 99, 102, 103, 106, 117, 125, 229, 276, 353, 405, 469, 507, 535, 565, 601, 608, 632, 645, 674, 679], "excluded_lines": [], "start_line": 1}}, "classes": {"SleepQualityAnalysis": {"executed_lines": [], "summary": {"covered_lines": 0, "num_statements": 0, "percent_covered": 100.0, "percent_covered_display": "100", "missing_lines": 0, "excluded_lines": 0, "percent_statements_covered": 100.0, "percent_statements_covered_display": "100"}, "missing_lines": [], "excluded_lines": [], "start_line": 27}, "ActivityPatternAnalysis": {"executed_lines": [], "summary": {"covered_lines": 0, "num_statements": 0, "percent_covered": 100.0, "percent_covered_display": "100", "missing_lines": 0, "excluded_lines": 0, "percent_statements_covered": 100.0, "percent_statements_covered_display": "100"}, "missing_lines": [], "excluded_lines": [], "start_line": 41}, "MetabolicHealthAnalysis": {"executed_lines": [], "summary": {"covered_lines": 0, "num_statements": 0, "percent_covered": 100.0, "percent_covered_display": "100", "missing_lines": 0, "excluded_lines": 0, "percent_statements_covered": 100.0, "percent_statements_covered_display": "100"}, "missing_lines": [], "excluded_lines": [], "start_line": 54}, "StressResilienceAnalysis": {"executed_lines": [], "summary": {"covered_lines": 0, "num_statements": 0, "percent_covered": 100.0, "percent_covered_display": "100", "missing_lines": 0, "excluded_lines": 0, "percent_statements_covered": 100.0, "percent_statements_covered_display": "100"}, "missing_lines": [], "excluded_lines": [], "start_line": 66}, "ComprehensiveHealthReport": {"executed_lines": [], "summary": {"covered_lines": 0, "num_statements": 0, "percent_covered": 100.0, "percent_covered_display": "100", "missing_lines": 0, "excluded_lines": 0, "percent_statements_covered": 100.0, "percent_statements_covered_display": "100"}, "missing_lines": [], "excluded_lines": [], "start_line": 77}, "ExtendedHealthAnalyzer": {"executed_lines": [], "summary": {"covered_lines": 0, "num_statements": 201, "percent_covered": 0.0, "percent_covered_display": "0", "missing_lines": 201, "excluded_lines": 0, "percent_statements_covered": 0.0, "percent_statements_covered_display": "0"}, "missing_lines": [119, 120, 121, 123, 145, 147, 149, 150, 151, 157, 158, 161, 164, 167, 170, 173, 176, 179, 184, 189, 192, 195, 200, 203, 207, 224, 225, 227, 233, 242, 243, 246, 247, 249, 253, 255, 256, 258, 262, 264, 267, 269, 272, 274, 280, 281, 283, 286, 287, 289, 290, 293, 294, 295, 297, 298, 300, 301, 304, 307, 308, 309, 310, 311, 313, 314, 317, 318, 323, 324, 327, 328, 331, 332, 335, 340, 342, 357, 358, 360, 365, 366, 368, 369, 372, 373, 376, 379, 380, 383, 386, 389, 395, 414, 416, 417, 419, 422, 423, 425, 426, 428, 429, 432, 433, 435, 436, 437, 438, 439, 440, 441, 444, 447, 450, 451, 452, 453, 454, 455, 456, 458, 460, 473, 475, 476, 478, 481, 484, 487, 490, 493, 499, 511, 514, 515, 517, 518, 524, 525, 527, 528, 533, 543, 545, 546, 548, 549, 551, 552, 554, 558, 560, 561, 563, 573, 575, 577, 582, 584, 586, 590, 592, 593, 595, 596, 597, 599, 606, 616, 618, 619, 621, 622, 624, 625, 627, 628, 630, 636, 643, 649, 657, 659, 660, 662, 663, 667, 670, 672, 677, 683, 684, 685, 687, 688, 689, 690, 692, 693, 695], "excluded_lines": [], "start_line": 106}, "": {"executed_lines": [], "summary": {"covered_lines": 0, "num_statements": 76, "percent_covered": 0.0, "percent_covered_display": "0", "missing_lines": 76, "excluded_lines": 0, "percent_statements_covered": 0.0, "percent_statements_covered_display": "0"}, "missing_lines": [7, 8, 9, 11, 13, 14, 20, 21, 23, 26, 27, 30, 31, 32, 33, 34, 35, 36, 37, 40, 41, 44, 45, 46, 47, 48, 49, 50, 53, 54, 57, 58, 59, 60, 61, 62, 65, 66, 69, 70, 71, 72, 73, 76, 77, 80, 81, 84, 85, 86, 87, 90, 91, 94, 95, 98, 99, 102, 103, 106, 117, 125, 229, 276, 353, 405, 469, 507, 535, 565, 601, 608, 632, 645, 674, 679], "excluded_lines": [], "start_line": 1}}}, "src\\analyzers\\highlights.py": {"executed_lines": [3, 4, 5, 7, 8, 9, 11, 14, 15, 18, 19, 20, 21, 22, 23, 24, 27, 28, 31, 32, 33, 34, 37, 43, 45, 47, 63, 65, 68, 69, 70, 73, 74, 75, 78, 83, 86, 89, 91, 98, 101, 103, 107, 110, 111, 114, 115, 116, 149, 150, 179, 180, 182, 183, 216, 232, 233, 235, 243, 259, 273, 275, 279, 282, 283, 286, 287, 297, 298, 310, 311, 323, 336, 337, 340, 344, 345, 357, 373, 387, 389, 400, 404, 405, 408, 410, 411, 413, 416, 417, 420, 422, 429, 441, 442, 443, 444, 447, 448, 449, 450, 451, 455, 456, 457, 459, 461, 465, 468, 469, 472, 475, 476, 479, 480, 481, 483, 484, 485, 487, 491, 492, 493, 495, 502, 503, 511], "summary": {"covered_lines": 127, "num_statements": 153, "percent_covered": 83.00653594771242, "percent_covered_display": "83", "missing_lines": 26, "excluded_lines": 0, "percent_statements_covered": 83.00653594771242, "percent_statements_covered_display": "83"}, "missing_lines": [79, 80, 131, 132, 163, 164, 198, 199, 217, 260, 261, 262, 324, 358, 360, 361, 374, 375, 376, 393, 398, 418, 488, 489, 496, 499], "excluded_lines": [], "functions": {"HighlightsGenerator.__init__": {"executed_lines": [45], "summary": {"covered_lines": 1, "num_statements": 1, "percent_covered": 100.0, "percent_covered_display": "100", "missing_lines": 0, "excluded_lines": 0, "percent_statements_covered": 100.0, "percent_statements_covered_display": "100"}, "missing_lines": [], "excluded_lines": [], "start_line": 43}, "HighlightsGenerator.generate_comprehensive_highlights": {"executed_lines": [63, 65, 68, 69, 70, 73, 74, 75, 78, 83, 86, 89, 91, 98, 101], "summary": {"covered_lines": 15, "num_statements": 17, "percent_covered": 88.23529411764706, "percent_covered_display": "88", "missing_lines": 2, "excluded_lines": 0, "percent_statements_covered": 88.23529411764706, "percent_statements_covered_display": "88"}, "missing_lines": [79, 80], "excluded_lines": [], "start_line": 47}, "HighlightsGenerator._generate_heart_rate_insights": {"executed_lines": [107, 110, 111, 114, 115, 116, 149, 150, 179, 180, 182, 183, 216, 232, 233, 235, 243, 259, 273], "summary": {"covered_lines": 19, "num_statements": 29, "percent_covered": 65.51724137931035, "percent_covered_display": "66", "missing_lines": 10, "excluded_lines": 0, "percent_statements_covered": 65.51724137931035, "percent_statements_covered_display": "66"}, "missing_lines": [131, 132, 163, 164, 198, 199, 217, 260, 261, 262], "excluded_lines": [], "start_line": 103}, "HighlightsGenerator._generate_sleep_insights": {"executed_lines": [279, 282, 283, 286, 287, 297, 298, 310, 311, 323, 336, 337, 340, 344, 345, 357, 373, 387], "summary": {"covered_lines": 18, "num_statements": 25, "percent_covered": 72.0, "percent_covered_display": "72", "missing_lines": 7, "excluded_lines": 0, "percent_statements_covered": 72.0, "percent_statements_covered_display": "72"}, "missing_lines": [324, 358, 360, 361, 374, 375, 376], "excluded_lines": [], "start_line": 275}, "HighlightsGenerator._generate_correlation_insights": {"executed_lines": [], "summary": {"covered_lines": 0, "num_statements": 2, "percent_covered": 0.0, "percent_covered_display": "0", "missing_lines": 2, "excluded_lines": 0, "percent_statements_covered": 0.0, "percent_statements_covered_display": "0"}, "missing_lines": [393, 398], "excluded_lines": [], "start_line": 389}, "HighlightsGenerator._rank_and_filter_insights": {"executed_lines": [404, 405, 408, 410, 413, 416, 417, 420], "summary": {"covered_lines": 8, "num_statements": 9, "percent_covered": 88.88888888888889, "percent_covered_display": "89", "missing_lines": 1, "excluded_lines": 0, "percent_statements_covered": 88.88888888888889, "percent_statements_covered_display": "89"}, "missing_lines": [418], "excluded_lines": [], "start_line": 400}, "HighlightsGenerator._rank_and_filter_insights.sort_key": {"executed_lines": [411], "summary": {"covered_lines": 1, "num_statements": 1, "percent_covered": 100.0, "percent_covered_display": "100", "missing_lines": 0, "excluded_lines": 0, "percent_statements_covered": 100.0, "percent_statements_covered_display": "100"}, "missing_lines": [], "excluded_lines": [], "start_line": 410}, "HighlightsGenerator._generate_summary": {"executed_lines": [429, 441, 442, 443, 444, 447, 448, 449, 450, 451, 455, 456, 457, 459], "summary": {"covered_lines": 14, "num_statements": 14, "percent_covered": 100.0, "percent_covered_display": "100", "missing_lines": 0, "excluded_lines": 0, "percent_statements_covered": 100.0, "percent_statements_covered_display": "100"}, "missing_lines": [], "excluded_lines": [], "start_line": 422}, "HighlightsGenerator._generate_recommendations": {"executed_lines": [465, 468, 469, 472, 475, 476, 479, 480, 481, 483, 484, 485, 487, 491, 492, 493, 495, 502, 503, 511], "summary": {"covered_lines": 20, "num_statements": 24, "percent_covered": 83.33333333333333, "percent_covered_display": "83", "missing_lines": 4, "excluded_lines": 0, "percent_statements_covered": 83.33333333333333, "percent_statements_covered_display": "83"}, "missing_lines": [488, 489, 496, 499], "excluded_lines": [], "start_line": 461}, "": {"executed_lines": [3, 4, 5, 7, 8, 9, 11, 14, 15, 18, 19, 20, 21, 22, 23, 24, 27, 28, 31, 32, 33, 34, 37, 43, 47, 103, 275, 389, 400, 422, 461], "summary": {"covered_lines": 31, "num_statements": 31, "percent_covered": 100.0, "percent_covered_display": "100", "missing_lines": 0, "excluded_lines": 0, "percent_statements_covered": 100.0, "percent_statements_covered_display": "100"}, "missing_lines": [], "excluded_lines": [], "start_line": 1}}, "classes": {"HealthInsight": {"executed_lines": [], "summary": {"covered_lines": 0, "num_statements": 0, "percent_covered": 100.0, "percent_covered_display": "100", "missing_lines": 0, "excluded_lines": 0, "percent_statements_covered": 100.0, "percent_statements_covered_display": "100"}, "missing_lines": [], "excluded_lines": [], "start_line": 15}, "HealthHighlights": {"executed_lines": [], "summary": {"covered_lines": 0, "num_statements": 0, "percent_covered": 100.0, "percent_covered_display": "100", "missing_lines": 0, "excluded_lines": 0, "percent_statements_covered": 100.0, "percent_statements_covered_display": "100"}, "missing_lines": [], "excluded_lines": [], "start_line": 28}, "HighlightsGenerator": {"executed_lines": [45, 63, 65, 68, 69, 70, 73, 74, 75, 78, 83, 86, 89, 91, 98, 101, 107, 110, 111, 114, 115, 116, 149, 150, 179, 180, 182, 183, 216, 232, 233, 235, 243, 259, 273, 279, 282, 283, 286, 287, 297, 298, 310, 311, 323, 336, 337, 340, 344, 345, 357, 373, 387, 404, 405, 408, 410, 411, 413, 416, 417, 420, 429, 441, 442, 443, 444, 447, 448, 449, 450, 451, 455, 456, 457, 459, 465, 468, 469, 472, 475, 476, 479, 480, 481, 483, 484, 485, 487, 491, 492, 493, 495, 502, 503, 511], "summary": {"covered_lines": 96, "num_statements": 122, "percent_covered": 78.68852459016394, "percent_covered_display": "79", "missing_lines": 26, "excluded_lines": 0, "percent_statements_covered": 78.68852459016394, "percent_statements_covered_display": "79"}, "missing_lines": [79, 80, 131, 132, 163, 164, 198, 199, 217, 260, 261, 262, 324, 358, 360, 361, 374, 375, 376, 393, 398, 418, 488, 489, 496, 499], "excluded_lines": [], "start_line": 37}, "": {"executed_lines": [3, 4, 5, 7, 8, 9, 11, 14, 15, 18, 19, 20, 21, 22, 23, 24, 27, 28, 31, 32, 33, 34, 37, 43, 47, 103, 275, 389, 400, 422, 461], "summary": {"covered_lines": 31, "num_statements": 31, "percent_covered": 100.0, "percent_covered_display": "100", "missing_lines": 0, "excluded_lines": 0, "percent_statements_covered": 100.0, "percent_statements_covered_display": "100"}, "missing_lines": [], "excluded_lines": [], "start_line": 1}}}, "src\\analyzers\\statistical.py": {"executed_lines": [3, 4, 5, 7, 8, 10, 11, 13, 16, 17, 20, 21, 22, 23, 26, 27, 28, 29, 30, 33, 34, 35, 38, 39, 42, 43, 44, 47, 48, 51, 52, 55, 56, 57, 58, 59, 60, 61, 64, 67, 69, 71, 86, 87, 88, 90, 93, 96, 105, 108, 110, 112, 119, 129, 131, 132, 134, 135, 138, 143, 150, 151, 152, 153, 154, 155, 159, 166, 176, 178, 179, 185, 198, 199, 202, 204, 206, 208, 209, 210, 213, 214, 215, 216, 217, 220, 221, 222, 225, 226, 227, 228, 229, 231, 232, 233, 234, 237, 238, 239, 240, 244, 246, 266, 287, 292, 293, 295, 299, 301, 302, 303, 305, 306, 307, 310, 314, 315, 316, 318, 319, 320, 321, 322, 323, 332, 350, 351, 352, 354, 355, 357, 359, 364, 365, 366, 367, 368, 369, 373, 374, 375, 384, 386, 388, 390, 392, 393, 395, 397, 398, 400, 412, 414, 419, 420, 421, 424, 425, 426, 427, 430, 431, 432, 433, 434, 437, 439, 446, 447, 448, 449, 451, 454, 456, 466, 470, 472, 473, 476, 477, 478, 479, 482, 495, 499, 501, 504, 505, 509, 510, 513, 515, 516, 521, 522, 525, 527, 540, 553, 554, 557, 560, 568, 569, 570, 575, 576, 577, 581, 582, 583, 584, 586, 591, 593, 598, 600, 602, 604, 605, 608, 611, 618, 620, 623, 624, 627, 629, 635, 637, 640, 641, 642, 656, 657, 658, 659, 672], "summary": {"covered_lines": 239, "num_statements": 274, "percent_covered": 87.22627737226277, "percent_covered_display": "87", "missing_lines": 35, "excluded_lines": 0, "percent_statements_covered": 87.22627737226277, "percent_statements_covered_display": "87"}, "missing_lines": [139, 140, 144, 145, 157, 161, 163, 181, 182, 183, 241, 325, 326, 328, 329, 330, 380, 381, 382, 441, 491, 492, 493, 506, 514, 518, 536, 537, 538, 588, 613, 614, 630, 631, 633], "excluded_lines": [], "functions": {"StatisticalAnalyzer.__init__": {"executed_lines": [69], "summary": {"covered_lines": 1, "num_statements": 1, "percent_covered": 100.0, "percent_covered_display": "100", "missing_lines": 0, "excluded_lines": 0, "percent_statements_covered": 100.0, "percent_statements_covered_display": "100"}, "missing_lines": [], "excluded_lines": [], "start_line": 67}, "StatisticalAnalyzer.aggregate_by_interval": {"executed_lines": [86, 87, 88, 90, 93, 96, 105, 108, 110, 112, 119, 129, 131, 132, 134, 135, 138, 143, 150, 151, 152, 153, 154, 155, 159, 166, 176, 178, 179], "summary": {"covered_lines": 29, "num_statements": 39, "percent_covered": 74.35897435897436, "percent_covered_display": "74", "missing_lines": 10, "excluded_lines": 0, "percent_statements_covered": 74.35897435897436, "percent_statements_covered_display": "74"}, "missing_lines": [139, 140, 144, 145, 157, 161, 163, 181, 182, 183], "excluded_lines": [], "start_line": 71}, "StatisticalAnalyzer.calculate_statistics": {"executed_lines": [198, 199, 202, 204, 206, 208, 209, 210, 213, 214, 215, 216, 217, 220, 221, 222, 225, 226, 227, 228, 229, 231, 232, 233, 234, 237, 238, 239, 240, 244, 246], "summary": {"covered_lines": 31, "num_statements": 32, "percent_covered": 96.875, "percent_covered_display": "97", "missing_lines": 1, "excluded_lines": 0, "percent_statements_covered": 96.875, "percent_statements_covered_display": "97"}, "missing_lines": [241], "excluded_lines": [], "start_line": 185}, "StatisticalAnalyzer.analyze_trend": {"executed_lines": [287, 292, 293, 295, 299, 301, 302, 303, 305, 306, 307, 310, 314, 315, 316, 318, 319, 320, 321, 322, 323], "summary": {"covered_lines": 21, "num_statements": 26, "percent_covered": 80.76923076923077, "percent_covered_display": "81", "missing_lines": 5, "excluded_lines": 0, "percent_statements_covered": 80.76923076923077, "percent_statements_covered_display": "81"}, "missing_lines": [325, 326, 328, 329, 330], "excluded_lines": [], "start_line": 266}, "StatisticalAnalyzer.generate_report": {"executed_lines": [350, 351, 352, 354, 355, 357, 359, 364, 365, 366, 367, 368, 369, 373, 374, 375, 384, 386, 388], "summary": {"covered_lines": 19, "num_statements": 22, "percent_covered": 86.36363636363636, "percent_covered_display": "86", "missing_lines": 3, "excluded_lines": 0, "percent_statements_covered": 86.36363636363636, "percent_statements_covered_display": "86"}, "missing_lines": [380, 381, 382], "excluded_lines": [], "start_line": 332}, "StatisticalAnalyzer._records_to_dataframe": {"executed_lines": [392, 393, 395, 397, 398, 400, 412], "summary": {"covered_lines": 7, "num_statements": 7, "percent_covered": 100.0, "percent_covered_display": "100", "missing_lines": 0, "excluded_lines": 0, "percent_statements_covered": 100.0, "percent_statements_covered_display": "100"}, "missing_lines": [], "excluded_lines": [], "start_line": 390}, "StatisticalAnalyzer._linear_trend_analysis": {"executed_lines": [419, 420, 421, 424, 425, 426, 427, 430, 431, 432, 433, 434, 437, 439, 446, 447, 448, 449, 451, 454, 456], "summary": {"covered_lines": 21, "num_statements": 22, "percent_covered": 95.45454545454545, "percent_covered_display": "95", "missing_lines": 1, "excluded_lines": 0, "percent_statements_covered": 95.45454545454545, "percent_statements_covered_display": "95"}, "missing_lines": [441], "excluded_lines": [], "start_line": 414}, "StatisticalAnalyzer._polynomial_trend_analysis": {"executed_lines": [470, 472, 473, 476, 477, 478, 479, 482], "summary": {"covered_lines": 8, "num_statements": 11, "percent_covered": 72.72727272727273, "percent_covered_display": "73", "missing_lines": 3, "excluded_lines": 0, "percent_statements_covered": 72.72727272727273, "percent_statements_covered_display": "73"}, "missing_lines": [491, 492, 493], "excluded_lines": [], "start_line": 466}, "StatisticalAnalyzer._moving_average_trend_analysis": {"executed_lines": [499, 501, 504, 505, 509, 510, 513, 515, 516, 521, 522, 525, 527], "summary": {"covered_lines": 13, "num_statements": 19, "percent_covered": 68.42105263157895, "percent_covered_display": "68", "missing_lines": 6, "excluded_lines": 0, "percent_statements_covered": 68.42105263157895, "percent_statements_covered_display": "68"}, "missing_lines": [506, 514, 518, 536, 537, 538], "excluded_lines": [], "start_line": 495}, "StatisticalAnalyzer._calculate_data_quality_score": {"executed_lines": [553, 554, 557, 560, 568, 569, 570, 575, 576, 577, 581, 582, 583, 584, 586, 591, 593, 598], "summary": {"covered_lines": 18, "num_statements": 19, "percent_covered": 94.73684210526316, "percent_covered_display": "95", "missing_lines": 1, "excluded_lines": 0, "percent_statements_covered": 94.73684210526316, "percent_statements_covered_display": "95"}, "missing_lines": [588], "excluded_lines": [], "start_line": 540}, "StatisticalAnalyzer._calculate_normality_score": {"executed_lines": [602, 604, 605, 608, 611, 618, 620, 623, 624, 627, 629], "summary": {"covered_lines": 11, "num_statements": 16, "percent_covered": 68.75, "percent_covered_display": "69", "missing_lines": 5, "excluded_lines": 0, "percent_statements_covered": 68.75, "percent_statements_covered_display": "69"}, "missing_lines": [613, 614, 630, 631, 633], "excluded_lines": [], "start_line": 600}, "StatisticalAnalyzer._report_to_dataframe": {"executed_lines": [637, 640, 641, 642, 656, 657, 658, 659, 672], "summary": {"covered_lines": 9, "num_statements": 9, "percent_covered": 100.0, "percent_covered_display": "100", "missing_lines": 0, "excluded_lines": 0, "percent_statements_covered": 100.0, "percent_statements_covered_display": "100"}, "missing_lines": [], "excluded_lines": [], "start_line": 635}, "": {"executed_lines": [3, 4, 5, 7, 8, 10, 11, 13, 16, 17, 20, 21, 22, 23, 26, 27, 28, 29, 30, 33, 34, 35, 38, 39, 42, 43, 44, 47, 48, 51, 52, 55, 56, 57, 58, 59, 60, 61, 64, 67, 71, 185, 266, 332, 390, 414, 466, 495, 540, 600, 635], "summary": {"covered_lines": 51, "num_statements": 51, "percent_covered": 100.0, "percent_covered_display": "100", "missing_lines": 0, "excluded_lines": 0, "percent_statements_covered": 100.0, "percent_statements_covered_display": "100"}, "missing_lines": [], "excluded_lines": [], "start_line": 1}}, "classes": {"StatisticsReport": {"executed_lines": [], "summary": {"covered_lines": 0, "num_statements": 0, "percent_covered": 100.0, "percent_covered_display": "100", "missing_lines": 0, "excluded_lines": 0, "percent_statements_covered": 100.0, "percent_statements_covered_display": "100"}, "missing_lines": [], "excluded_lines": [], "start_line": 17}, "TrendAnalysis": {"executed_lines": [], "summary": {"covered_lines": 0, "num_statements": 0, "percent_covered": 100.0, "percent_covered_display": "100", "missing_lines": 0, "excluded_lines": 0, "percent_statements_covered": 100.0, "percent_statements_covered_display": "100"}, "missing_lines": [], "excluded_lines": [], "start_line": 52}, "StatisticalAnalyzer": {"executed_lines": [69, 86, 87, 88, 90, 93, 96, 105, 108, 110, 112, 119, 129, 131, 132, 134, 135, 138, 143, 150, 151, 152, 153, 154, 155, 159, 166, 176, 178, 179, 198, 199, 202, 204, 206, 208, 209, 210, 213, 214, 215, 216, 217, 220, 221, 222, 225, 226, 227, 228, 229, 231, 232, 233, 234, 237, 238, 239, 240, 244, 246, 287, 292, 293, 295, 299, 301, 302, 303, 305, 306, 307, 310, 314, 315, 316, 318, 319, 320, 321, 322, 323, 350, 351, 352, 354, 355, 357, 359, 364, 365, 366, 367, 368, 369, 373, 374, 375, 384, 386, 388, 392, 393, 395, 397, 398, 400, 412, 419, 420, 421, 424, 425, 426, 427, 430, 431, 432, 433, 434, 437, 439, 446, 447, 448, 449, 451, 454, 456, 470, 472, 473, 476, 477, 478, 479, 482, 499, 501, 504, 505, 509, 510, 513, 515, 516, 521, 522, 525, 527, 553, 554, 557, 560, 568, 569, 570, 575, 576, 577, 581, 582, 583, 584, 586, 591, 593, 598, 602, 604, 605, 608, 611, 618, 620, 623, 624, 627, 629, 637, 640, 641, 642, 656, 657, 658, 659, 672], "summary": {"covered_lines": 188, "num_statements": 223, "percent_covered": 84.30493273542601, "percent_covered_display": "84", "missing_lines": 35, "excluded_lines": 0, "percent_statements_covered": 84.30493273542601, "percent_statements_covered_display": "84"}, "missing_lines": [139, 140, 144, 145, 157, 161, 163, 181, 182, 183, 241, 325, 326, 328, 329, 330, 380, 381, 382, 441, 491, 492, 493, 506, 514, 518, 536, 537, 538, 588, 613, 614, 630, 631, 633], "excluded_lines": [], "start_line": 64}, "": {"executed_lines": [3, 4, 5, 7, 8, 10, 11, 13, 16, 17, 20, 21, 22, 23, 26, 27, 28, 29, 30, 33, 34, 35, 38, 39, 42, 43, 44, 47, 48, 51, 52, 55, 56, 57, 58, 59, 60, 61, 64, 67, 71, 185, 266, 332, 390, 414, 466, 495, 540, 600, 635], "summary": {"covered_lines": 51, "num_statements": 51, "percent_covered": 100.0, "percent_covered_display": "100", "missing_lines": 0, "excluded_lines": 0, "percent_statements_covered": 100.0, "percent_statements_covered_display": "100"}, "missing_lines": [], "excluded_lines": [], "start_line": 1}}}, "src\\cli.py": {"executed_lines": [6, 7, 8, 9, 11, 12, 13, 15, 16, 17, 18, 19, 20, 22, 23, 26, 27, 33, 34, 35, 52, 53, 54, 57, 63, 64, 252, 253, 254, 353, 354, 355, 356, 363, 369, 374, 514, 515, 518, 519, 520, 526, 529, 534, 538, 548, 555, 560, 804, 843, 874, 1014, 1043, 1063, 1083, 1120, 1181, 1202, 1218], "summary": {"covered_lines": 59, "num_statements": 594, "percent_covered": 9.932659932659933, "percent_covered_display": "10", "missing_lines": 535, "excluded_lines": 0, "percent_statements_covered": 9.932659932659933, "percent_statements_covered_display": "10"}, "missing_lines": [40, 41, 43, 44, 46, 47, 49, 79, 80, 83, 84, 85, 86, 88, 89, 90, 92, 94, 97, 100, 101, 102, 103, 106, 110, 113, 114, 115, 118, 119, 120, 121, 124, 127, 130, 131, 132, 134, 139, 145, 146, 148, 153, 154, 157, 159, 160, 163, 164, 165, 168, 171, 172, 173, 174, 175, 176, 178, 181, 185, 188, 189, 192, 193, 197, 200, 203, 205, 206, 207, 210, 211, 212, 213, 214, 215, 216, 219, 222, 223, 224, 227, 228, 232, 236, 240, 241, 242, 243, 244, 245, 246, 249, 259, 260, 262, 265, 267, 268, 269, 272, 273, 274, 276, 277, 278, 281, 283, 287, 288, 289, 290, 291, 293, 294, 295, 296, 297, 299, 300, 301, 302, 303, 304, 305, 306, 308, 309, 311, 313, 314, 315, 317, 318, 321, 323, 324, 325, 326, 328, 333, 335, 337, 338, 341, 343, 347, 348, 349, 350, 394, 395, 397, 398, 400, 401, 402, 404, 405, 408, 409, 411, 414, 417, 420, 426, 429, 434, 435, 436, 437, 438, 439, 442, 446, 447, 448, 451, 454, 457, 458, 459, 460, 461, 463, 464, 465, 467, 468, 469, 470, 472, 479, 480, 481, 484, 492, 495, 496, 499, 500, 501, 502, 503, 504, 505, 506, 508, 509, 510, 511, 587, 588, 589, 590, 592, 593, 595, 596, 599, 600, 601, 604, 605, 608, 609, 610, 611, 612, 613, 614, 615, 618, 619, 622, 625, 626, 634, 636, 641, 642, 643, 646, 647, 649, 650, 651, 652, 654, 658, 660, 663, 664, 665, 666, 667, 668, 669, 671, 672, 676, 677, 678, 679, 680, 681, 682, 685, 686, 687, 690, 691, 692, 694, 695, 702, 704, 705, 707, 708, 709, 710, 711, 713, 718, 723, 724, 727, 731, 732, 733, 743, 744, 747, 748, 749, 750, 751, 752, 755, 756, 757, 761, 765, 770, 773, 774, 777, 778, 781, 784, 785, 789, 790, 794, 798, 799, 800, 801, 806, 807, 808, 810, 811, 812, 813, 814, 816, 817, 822, 825, 826, 827, 830, 831, 834, 835, 836, 839, 840, 845, 846, 848, 849, 850, 851, 852, 854, 855, 856, 857, 858, 860, 861, 862, 864, 871, 876, 878, 880, 881, 882, 884, 889, 890, 891, 893, 894, 896, 897, 898, 899, 902, 903, 904, 906, 923, 927, 928, 929, 932, 933, 934, 935, 936, 937, 940, 942, 943, 946, 947, 948, 951, 956, 957, 959, 960, 962, 963, 964, 965, 966, 970, 971, 972, 973, 978, 979, 980, 982, 984, 987, 988, 989, 990, 991, 992, 993, 994, 996, 997, 998, 999, 1002, 1003, 1005, 1006, 1008, 1009, 1016, 1018, 1019, 1020, 1021, 1022, 1024, 1025, 1026, 1027, 1028, 1030, 1031, 1032, 1035, 1039, 1040, 1045, 1047, 1048, 1049, 1052, 1055, 1059, 1060, 1065, 1068, 1069, 1070, 1071, 1072, 1073, 1074, 1077, 1078, 1079, 1080, 1087, 1089, 1091, 1113, 1114, 1115, 1117, 1124, 1126, 1128, 1129, 1130, 1131, 1135, 1136, 1137, 1138, 1139, 1140, 1141, 1142, 1143, 1144, 1145, 1146, 1147, 1148, 1149, 1150, 1151, 1152, 1154, 1155, 1156, 1157, 1158, 1159, 1160, 1161, 1162, 1163, 1165, 1166, 1167, 1168, 1169, 1170, 1172, 1173, 1174, 1175, 1176, 1178, 1183, 1184, 1187, 1204, 1205, 1206, 1207, 1208, 1209, 1210, 1211, 1212, 1213, 1214, 1215, 1219], "excluded_lines": [], "functions": {"cli": {"executed_lines": [], "summary": {"covered_lines": 0, "num_statements": 7, "percent_covered": 0.0, "percent_covered_display": "0", "missing_lines": 7, "excluded_lines": 0, "percent_statements_covered": 0.0, "percent_statements_covered_display": "0"}, "missing_lines": [40, 41, 43, 44, 46, 47, 49], "excluded_lines": [], "start_line": 35}, "parse": {"executed_lines": [], "summary": {"covered_lines": 0, "num_statements": 85, "percent_covered": 0.0, "percent_covered_display": "0", "missing_lines": 85, "excluded_lines": 0, "percent_statements_covered": 0.0, "percent_statements_covered_display": "0"}, "missing_lines": [79, 80, 83, 84, 85, 86, 88, 89, 90, 92, 94, 97, 100, 101, 102, 103, 106, 110, 113, 114, 115, 118, 119, 120, 121, 124, 127, 130, 131, 132, 134, 139, 145, 148, 153, 154, 157, 159, 160, 163, 164, 165, 168, 171, 172, 173, 174, 175, 176, 178, 181, 185, 188, 189, 192, 193, 197, 200, 203, 205, 206, 207, 210, 211, 212, 213, 214, 215, 216, 219, 222, 223, 224, 227, 228, 232, 236, 240, 241, 242, 243, 244, 245, 246, 249], "excluded_lines": [], "start_line": 64}, "parse.update_progress": {"executed_lines": [], "summary": {"covered_lines": 0, "num_statements": 1, "percent_covered": 0.0, "percent_covered_display": "0", "missing_lines": 1, "excluded_lines": 0, "percent_statements_covered": 0.0, "percent_statements_covered_display": "0"}, "missing_lines": [146], "excluded_lines": [], "start_line": 145}, "info": {"executed_lines": [], "summary": {"covered_lines": 0, "num_statements": 57, "percent_covered": 0.0, "percent_covered_display": "0", "missing_lines": 57, "excluded_lines": 0, "percent_statements_covered": 0.0, "percent_statements_covered_display": "0"}, "missing_lines": [259, 260, 262, 265, 267, 268, 269, 272, 273, 274, 276, 277, 278, 281, 283, 287, 288, 289, 290, 291, 293, 294, 295, 296, 297, 299, 300, 301, 302, 303, 304, 305, 306, 308, 309, 311, 313, 314, 315, 317, 318, 321, 323, 324, 325, 326, 328, 333, 335, 337, 338, 341, 343, 347, 348, 349, 350], "excluded_lines": [], "start_line": 254}, "export": {"executed_lines": [], "summary": {"covered_lines": 0, "num_statements": 61, "percent_covered": 0.0, "percent_covered_display": "0", "missing_lines": 61, "excluded_lines": 0, "percent_statements_covered": 0.0, "percent_statements_covered_display": "0"}, "missing_lines": [394, 395, 397, 398, 400, 401, 402, 404, 405, 408, 409, 411, 414, 417, 420, 426, 429, 434, 435, 436, 437, 438, 439, 442, 446, 447, 448, 451, 454, 457, 458, 459, 460, 461, 463, 464, 465, 467, 468, 469, 470, 472, 479, 480, 481, 484, 492, 495, 496, 499, 500, 501, 502, 503, 504, 505, 506, 508, 509, 510, 511], "excluded_lines": [], "start_line": 374}, "analyze": {"executed_lines": [], "summary": {"covered_lines": 0, "num_statements": 107, "percent_covered": 0.0, "percent_covered_display": "0", "missing_lines": 107, "excluded_lines": 0, "percent_statements_covered": 0.0, "percent_statements_covered_display": "0"}, "missing_lines": [587, 588, 589, 590, 592, 593, 595, 596, 599, 600, 601, 604, 605, 608, 609, 610, 611, 612, 613, 614, 615, 618, 619, 622, 625, 626, 634, 636, 641, 642, 643, 646, 647, 649, 650, 651, 652, 654, 658, 660, 663, 664, 665, 666, 667, 668, 669, 671, 672, 676, 677, 678, 679, 680, 681, 682, 685, 686, 687, 690, 691, 692, 694, 695, 702, 704, 707, 708, 709, 710, 711, 713, 718, 723, 724, 727, 731, 732, 733, 743, 744, 747, 748, 749, 750, 751, 752, 755, 756, 757, 761, 765, 770, 773, 774, 777, 778, 781, 784, 785, 789, 790, 794, 798, 799, 800, 801], "excluded_lines": [], "start_line": 560}, "analyze.filter_by_date": {"executed_lines": [], "summary": {"covered_lines": 0, "num_statements": 1, "percent_covered": 0.0, "percent_covered_display": "0", "missing_lines": 1, "excluded_lines": 0, "percent_statements_covered": 0.0, "percent_statements_covered_display": "0"}, "missing_lines": [705], "excluded_lines": [], "start_line": 704}, "_display_parsing_results": {"executed_lines": [], "summary": {"covered_lines": 0, "num_statements": 21, "percent_covered": 0.0, "percent_covered_display": "0", "missing_lines": 21, "excluded_lines": 0, "percent_statements_covered": 0.0, "percent_statements_covered_display": "0"}, "missing_lines": [806, 807, 808, 810, 811, 812, 813, 814, 816, 817, 822, 825, 826, 827, 830, 831, 834, 835, 836, 839, 840], "excluded_lines": [], "start_line": 804}, "_display_records_preview": {"executed_lines": [], "summary": {"covered_lines": 0, "num_statements": 17, "percent_covered": 0.0, "percent_covered_display": "0", "missing_lines": 17, "excluded_lines": 0, "percent_statements_covered": 0.0, "percent_statements_covered_display": "0"}, "missing_lines": [845, 846, 848, 849, 850, 851, 852, 854, 855, 856, 857, 858, 860, 861, 862, 864, 871], "excluded_lines": [], "start_line": 843}, "_save_parsed_data": {"executed_lines": [], "summary": {"covered_lines": 0, "num_statements": 72, "percent_covered": 0.0, "percent_covered_display": "0", "missing_lines": 72, "excluded_lines": 0, "percent_statements_covered": 0.0, "percent_statements_covered_display": "0"}, "missing_lines": [876, 878, 880, 881, 882, 884, 889, 890, 891, 893, 894, 896, 897, 898, 899, 902, 903, 904, 906, 923, 927, 928, 929, 932, 933, 934, 935, 936, 937, 940, 942, 943, 946, 947, 948, 951, 956, 957, 959, 960, 962, 963, 964, 965, 966, 970, 971, 972, 973, 978, 979, 980, 982, 984, 987, 988, 989, 990, 991, 992, 993, 994, 996, 997, 998, 999, 1002, 1003, 1005, 1006, 1008, 1009], "excluded_lines": [], "start_line": 874}, "_display_heart_rate_results": {"executed_lines": [], "summary": {"covered_lines": 0, "num_statements": 17, "percent_covered": 0.0, "percent_covered_display": "0", "missing_lines": 17, "excluded_lines": 0, "percent_statements_covered": 0.0, "percent_statements_covered_display": "0"}, "missing_lines": [1016, 1018, 1019, 1020, 1021, 1022, 1024, 1025, 1026, 1027, 1028, 1030, 1031, 1032, 1035, 1039, 1040], "excluded_lines": [], "start_line": 1014}, "_display_sleep_results": {"executed_lines": [], "summary": {"covered_lines": 0, "num_statements": 8, "percent_covered": 0.0, "percent_covered_display": "0", "missing_lines": 8, "excluded_lines": 0, "percent_statements_covered": 0.0, "percent_statements_covered_display": "0"}, "missing_lines": [1045, 1047, 1048, 1049, 1052, 1055, 1059, 1060], "excluded_lines": [], "start_line": 1043}, "_display_highlights": {"executed_lines": [], "summary": {"covered_lines": 0, "num_statements": 12, "percent_covered": 0.0, "percent_covered_display": "0", "missing_lines": 12, "excluded_lines": 0, "percent_statements_covered": 0.0, "percent_statements_covered_display": "0"}, "missing_lines": [1065, 1068, 1069, 1070, 1071, 1072, 1073, 1074, 1077, 1078, 1079, 1080], "excluded_lines": [], "start_line": 1063}, "_save_analysis_results_json": {"executed_lines": [], "summary": {"covered_lines": 0, "num_statements": 7, "percent_covered": 0.0, "percent_covered_display": "0", "missing_lines": 7, "excluded_lines": 0, "percent_statements_covered": 0.0, "percent_statements_covered_display": "0"}, "missing_lines": [1087, 1089, 1091, 1113, 1114, 1115, 1117], "excluded_lines": [], "start_line": 1083}, "_save_analysis_results_text": {"executed_lines": [], "summary": {"covered_lines": 0, "num_statements": 46, "percent_covered": 0.0, "percent_covered_display": "0", "missing_lines": 46, "excluded_lines": 0, "percent_statements_covered": 0.0, "percent_statements_covered_display": "0"}, "missing_lines": [1124, 1126, 1128, 1129, 1130, 1131, 1135, 1136, 1137, 1138, 1139, 1140, 1141, 1142, 1143, 1144, 1145, 1146, 1147, 1148, 1149, 1150, 1151, 1152, 1154, 1155, 1156, 1157, 1158, 1159, 1160, 1161, 1162, 1163, 1165, 1166, 1167, 1168, 1169, 1170, 1172, 1173, 1174, 1175, 1176, 1178], "excluded_lines": [], "start_line": 1120}, "_report_to_dict": {"executed_lines": [], "summary": {"covered_lines": 0, "num_statements": 3, "percent_covered": 0.0, "percent_covered_display": "0", "missing_lines": 3, "excluded_lines": 0, "percent_statements_covered": 0.0, "percent_statements_covered_display": "0"}, "missing_lines": [1183, 1184, 1187], "excluded_lines": [], "start_line": 1181}, "main": {"executed_lines": [], "summary": {"covered_lines": 0, "num_statements": 12, "percent_covered": 0.0, "percent_covered_display": "0", "missing_lines": 12, "excluded_lines": 0, "percent_statements_covered": 0.0, "percent_statements_covered_display": "0"}, "missing_lines": [1204, 1205, 1206, 1207, 1208, 1209, 1210, 1211, 1212, 1213, 1214, 1215], "excluded_lines": [], "start_line": 1202}, "": {"executed_lines": [6, 7, 8, 9, 11, 12, 13, 15, 16, 17, 18, 19, 20, 22, 23, 26, 27, 33, 34, 35, 52, 53, 54, 57, 63, 64, 252, 253, 254, 353, 354, 355, 356, 363, 369, 374, 514, 515, 518, 519, 520, 526, 529, 534, 538, 548, 555, 560, 804, 843, 874, 1014, 1043, 1063, 1083, 1120, 1181, 1202, 1218], "summary": {"covered_lines": 59, "num_statements": 60, "percent_covered": 98.33333333333333, "percent_covered_display": "98", "missing_lines": 1, "excluded_lines": 0, "percent_statements_covered": 98.33333333333333, "percent_statements_covered_display": "98"}, "missing_lines": [1219], "excluded_lines": [], "start_line": 1}}, "classes": {"": {"executed_lines": [6, 7, 8, 9, 11, 12, 13, 15, 16, 17, 18, 19, 20, 22, 23, 26, 27, 33, 34, 35, 52, 53, 54, 57, 63, 64, 252, 253, 254, 353, 354, 355, 356, 363, 369, 374, 514, 515, 518, 519, 520, 526, 529, 534, 538, 548, 555, 560, 804, 843, 874, 1014, 1043, 1063, 1083, 1120, 1181, 1202, 1218], "summary": {"covered_lines": 59, "num_statements": 594, "percent_covered": 9.932659932659933, "percent_covered_display": "10", "missing_lines": 535, "excluded_lines": 0, "percent_statements_covered": 9.932659932659933, "percent_statements_covered_display": "10"}, "missing_lines": [40, 41, 43, 44, 46, 47, 49, 79, 80, 83, 84, 85, 86, 88, 89, 90, 92, 94, 97, 100, 101, 102, 103, 106, 110, 113, 114, 115, 118, 119, 120, 121, 124, 127, 130, 131, 132, 134, 139, 145, 146, 148, 153, 154, 157, 159, 160, 163, 164, 165, 168, 171, 172, 173, 174, 175, 176, 178, 181, 185, 188, 189, 192, 193, 197, 200, 203, 205, 206, 207, 210, 211, 212, 213, 214, 215, 216, 219, 222, 223, 224, 227, 228, 232, 236, 240, 241, 242, 243, 244, 245, 246, 249, 259, 260, 262, 265, 267, 268, 269, 272, 273, 274, 276, 277, 278, 281, 283, 287, 288, 289, 290, 291, 293, 294, 295, 296, 297, 299, 300, 301, 302, 303, 304, 305, 306, 308, 309, 311, 313, 314, 315, 317, 318, 321, 323, 324, 325, 326, 328, 333, 335, 337, 338, 341, 343, 347, 348, 349, 350, 394, 395, 397, 398, 400, 401, 402, 404, 405, 408, 409, 411, 414, 417, 420, 426, 429, 434, 435, 436, 437, 438, 439, 442, 446, 447, 448, 451, 454, 457, 458, 459, 460, 461, 463, 464, 465, 467, 468, 469, 470, 472, 479, 480, 481, 484, 492, 495, 496, 499, 500, 501, 502, 503, 504, 505, 506, 508, 509, 510, 511, 587, 588, 589, 590, 592, 593, 595, 596, 599, 600, 601, 604, 605, 608, 609, 610, 611, 612, 613, 614, 615, 618, 619, 622, 625, 626, 634, 636, 641, 642, 643, 646, 647, 649, 650, 651, 652, 654, 658, 660, 663, 664, 665, 666, 667, 668, 669, 671, 672, 676, 677, 678, 679, 680, 681, 682, 685, 686, 687, 690, 691, 692, 694, 695, 702, 704, 705, 707, 708, 709, 710, 711, 713, 718, 723, 724, 727, 731, 732, 733, 743, 744, 747, 748, 749, 750, 751, 752, 755, 756, 757, 761, 765, 770, 773, 774, 777, 778, 781, 784, 785, 789, 790, 794, 798, 799, 800, 801, 806, 807, 808, 810, 811, 812, 813, 814, 816, 817, 822, 825, 826, 827, 830, 831, 834, 835, 836, 839, 840, 845, 846, 848, 849, 850, 851, 852, 854, 855, 856, 857, 858, 860, 861, 862, 864, 871, 876, 878, 880, 881, 882, 884, 889, 890, 891, 893, 894, 896, 897, 898, 899, 902, 903, 904, 906, 923, 927, 928, 929, 932, 933, 934, 935, 936, 937, 940, 942, 943, 946, 947, 948, 951, 956, 957, 959, 960, 962, 963, 964, 965, 966, 970, 971, 972, 973, 978, 979, 980, 982, 984, 987, 988, 989, 990, 991, 992, 993, 994, 996, 997, 998, 999, 1002, 1003, 1005, 1006, 1008, 1009, 1016, 1018, 1019, 1020, 1021, 1022, 1024, 1025, 1026, 1027, 1028, 1030, 1031, 1032, 1035, 1039, 1040, 1045, 1047, 1048, 1049, 1052, 1055, 1059, 1060, 1065, 1068, 1069, 1070, 1071, 1072, 1073, 1074, 1077, 1078, 1079, 1080, 1087, 1089, 1091, 1113, 1114, 1115, 1117, 1124, 1126, 1128, 1129, 1130, 1131, 1135, 1136, 1137, 1138, 1139, 1140, 1141, 1142, 1143, 1144, 1145, 1146, 1147, 1148, 1149, 1150, 1151, 1152, 1154, 1155, 1156, 1157, 1158, 1159, 1160, 1161, 1162, 1163, 1165, 1166, 1167, 1168, 1169, 1170, 1172, 1173, 1174, 1175, 1176, 1178, 1183, 1184, 1187, 1204, 1205, 1206, 1207, 1208, 1209, 1210, 1211, 1212, 1213, 1214, 1215, 1219], "excluded_lines": [], "start_line": 1}}}, "src\\cli_visualize.py": {"executed_lines": [3, 4, 5, 7, 8, 10, 11, 12, 13, 14, 15, 16, 17, 19, 20, 23, 24, 25, 26, 33, 34, 39, 42, 195, 196, 197, 198, 220, 225, 228], "summary": {"covered_lines": 30, "num_statements": 376, "percent_covered": 7.9787234042553195, "percent_covered_display": "8", "missing_lines": 346, "excluded_lines": 0, "percent_statements_covered": 7.9787234042553195, "percent_statements_covered_display": "8"}, "missing_lines": [64, 65, 66, 68, 71, 72, 75, 76, 77, 80, 86, 89, 90, 91, 92, 94, 95, 96, 97, 98, 99, 100, 101, 102, 103, 106, 107, 113, 118, 121, 122, 123, 129, 132, 133, 134, 135, 136, 137, 140, 141, 142, 145, 149, 154, 155, 157, 159, 160, 161, 168, 169, 171, 172, 173, 179, 180, 183, 184, 185, 186, 187, 189, 190, 191, 192, 249, 250, 251, 252, 254, 257, 260, 261, 270, 272, 277, 278, 281, 287, 291, 292, 294, 295, 296, 301, 304, 305, 306, 307, 308, 309, 310, 313, 315, 317, 318, 319, 320, 327, 328, 330, 331, 332, 335, 336, 337, 340, 344, 345, 346, 348, 349, 350, 351, 352, 355, 362, 363, 364, 365, 366, 368, 369, 370, 372, 373, 374, 376, 380, 382, 383, 384, 385, 386, 393, 394, 395, 396, 397, 399, 400, 401, 403, 404, 405, 407, 411, 413, 414, 415, 416, 417, 424, 425, 426, 427, 428, 430, 431, 432, 434, 435, 436, 438, 442, 444, 445, 446, 447, 448, 450, 451, 452, 459, 460, 461, 462, 463, 465, 466, 467, 469, 470, 471, 473, 477, 479, 480, 481, 482, 483, 490, 491, 492, 493, 494, 496, 497, 498, 500, 501, 502, 504, 508, 510, 511, 512, 513, 514, 515, 516, 524, 525, 526, 527, 528, 530, 531, 532, 534, 535, 536, 538, 542, 544, 545, 546, 549, 550, 557, 558, 559, 560, 561, 563, 564, 565, 567, 568, 569, 571, 575, 577, 578, 579, 582, 583, 584, 585, 592, 593, 594, 595, 596, 598, 599, 600, 602, 603, 604, 606, 610, 612, 613, 614, 617, 618, 619, 620, 627, 628, 629, 630, 631, 633, 634, 635, 637, 638, 639, 641, 645, 647, 648, 649, 652, 653, 660, 661, 662, 663, 664, 666, 667, 668, 670, 671, 672, 674, 678, 680, 681, 682, 685, 687, 688, 689, 696, 697, 698, 699, 700, 702, 703, 704, 706, 707, 708, 710, 714, 717, 721, 722, 723, 726, 728, 739, 740, 741, 743, 744, 746, 747, 748, 749, 752, 753, 754, 755, 757, 758, 762, 763, 764, 765], "excluded_lines": [], "functions": {"report": {"executed_lines": [], "summary": {"covered_lines": 0, "num_statements": 66, "percent_covered": 0.0, "percent_covered_display": "0", "missing_lines": 66, "excluded_lines": 0, "percent_statements_covered": 0.0, "percent_statements_covered_display": "0"}, "missing_lines": [64, 65, 66, 68, 71, 72, 75, 76, 77, 80, 86, 89, 90, 91, 92, 94, 95, 96, 97, 98, 99, 100, 101, 102, 103, 106, 107, 113, 118, 121, 122, 123, 129, 132, 133, 134, 135, 136, 137, 140, 141, 142, 145, 149, 154, 155, 157, 159, 160, 161, 168, 169, 171, 172, 173, 179, 180, 183, 184, 185, 186, 187, 189, 190, 191, 192], "excluded_lines": [], "start_line": 42}, "visualize": {"executed_lines": [], "summary": {"covered_lines": 0, "num_statements": 280, "percent_covered": 0.0, "percent_covered_display": "0", "missing_lines": 280, "excluded_lines": 0, "percent_statements_covered": 0.0, "percent_statements_covered_display": "0"}, "missing_lines": [249, 250, 251, 252, 254, 257, 260, 261, 270, 272, 277, 278, 281, 287, 291, 292, 294, 295, 296, 301, 304, 305, 306, 307, 308, 309, 310, 313, 315, 317, 318, 319, 320, 327, 328, 330, 331, 332, 335, 336, 337, 340, 344, 345, 346, 348, 349, 350, 351, 352, 355, 362, 363, 364, 365, 366, 368, 369, 370, 372, 373, 374, 376, 380, 382, 383, 384, 385, 386, 393, 394, 395, 396, 397, 399, 400, 401, 403, 404, 405, 407, 411, 413, 414, 415, 416, 417, 424, 425, 426, 427, 428, 430, 431, 432, 434, 435, 436, 438, 442, 444, 445, 446, 447, 448, 450, 451, 452, 459, 460, 461, 462, 463, 465, 466, 467, 469, 470, 471, 473, 477, 479, 480, 481, 482, 483, 490, 491, 492, 493, 494, 496, 497, 498, 500, 501, 502, 504, 508, 510, 511, 512, 513, 514, 515, 516, 524, 525, 526, 527, 528, 530, 531, 532, 534, 535, 536, 538, 542, 544, 545, 546, 549, 550, 557, 558, 559, 560, 561, 563, 564, 565, 567, 568, 569, 571, 575, 577, 578, 579, 582, 583, 584, 585, 592, 593, 594, 595, 596, 598, 599, 600, 602, 603, 604, 606, 610, 612, 613, 614, 617, 618, 619, 620, 627, 628, 629, 630, 631, 633, 634, 635, 637, 638, 639, 641, 645, 647, 648, 649, 652, 653, 660, 661, 662, 663, 664, 666, 667, 668, 670, 671, 672, 674, 678, 680, 681, 682, 685, 687, 688, 689, 696, 697, 698, 699, 700, 702, 703, 704, 706, 707, 708, 710, 714, 717, 721, 722, 723, 726, 728, 739, 740, 741, 743, 744, 746, 747, 748, 749, 752, 753, 754, 755, 757, 758, 762, 763, 764, 765], "excluded_lines": [], "start_line": 228}, "": {"executed_lines": [3, 4, 5, 7, 8, 10, 11, 12, 13, 14, 15, 16, 17, 19, 20, 23, 24, 25, 26, 33, 34, 39, 42, 195, 196, 197, 198, 220, 225, 228], "summary": {"covered_lines": 30, "num_statements": 30, "percent_covered": 100.0, "percent_covered_display": "100", "missing_lines": 0, "excluded_lines": 0, "percent_statements_covered": 100.0, "percent_statements_covered_display": "100"}, "missing_lines": [], "excluded_lines": [], "start_line": 1}}, "classes": {"": {"executed_lines": [3, 4, 5, 7, 8, 10, 11, 12, 13, 14, 15, 16, 17, 19, 20, 23, 24, 25, 26, 33, 34, 39, 42, 195, 196, 197, 198, 220, 225, 228], "summary": {"covered_lines": 30, "num_statements": 376, "percent_covered": 7.9787234042553195, "percent_covered_display": "8", "missing_lines": 346, "excluded_lines": 0, "percent_statements_covered": 7.9787234042553195, "percent_statements_covered_display": "8"}, "missing_lines": [64, 65, 66, 68, 71, 72, 75, 76, 77, 80, 86, 89, 90, 91, 92, 94, 95, 96, 97, 98, 99, 100, 101, 102, 103, 106, 107, 113, 118, 121, 122, 123, 129, 132, 133, 134, 135, 136, 137, 140, 141, 142, 145, 149, 154, 155, 157, 159, 160, 161, 168, 169, 171, 172, 173, 179, 180, 183, 184, 185, 186, 187, 189, 190, 191, 192, 249, 250, 251, 252, 254, 257, 260, 261, 270, 272, 277, 278, 281, 287, 291, 292, 294, 295, 296, 301, 304, 305, 306, 307, 308, 309, 310, 313, 315, 317, 318, 319, 320, 327, 328, 330, 331, 332, 335, 336, 337, 340, 344, 345, 346, 348, 349, 350, 351, 352, 355, 362, 363, 364, 365, 366, 368, 369, 370, 372, 373, 374, 376, 380, 382, 383, 384, 385, 386, 393, 394, 395, 396, 397, 399, 400, 401, 403, 404, 405, 407, 411, 413, 414, 415, 416, 417, 424, 425, 426, 427, 428, 430, 431, 432, 434, 435, 436, 438, 442, 444, 445, 446, 447, 448, 450, 451, 452, 459, 460, 461, 462, 463, 465, 466, 467, 469, 470, 471, 473, 477, 479, 480, 481, 482, 483, 490, 491, 492, 493, 494, 496, 497, 498, 500, 501, 502, 504, 508, 510, 511, 512, 513, 514, 515, 516, 524, 525, 526, 527, 528, 530, 531, 532, 534, 535, 536, 538, 542, 544, 545, 546, 549, 550, 557, 558, 559, 560, 561, 563, 564, 565, 567, 568, 569, 571, 575, 577, 578, 579, 582, 583, 584, 585, 592, 593, 594, 595, 596, 598, 599, 600, 602, 603, 604, 606, 610, 612, 613, 614, 617, 618, 619, 620, 627, 628, 629, 630, 631, 633, 634, 635, 637, 638, 639, 641, 645, 647, 648, 649, 652, 653, 660, 661, 662, 663, 664, 666, 667, 668, 670, 671, 672, 674, 678, 680, 681, 682, 685, 687, 688, 689, 696, 697, 698, 699, 700, 702, 703, 704, 706, 707, 708, 710, 714, 717, 721, 722, 723, 726, 728, 739, 740, 741, 743, 744, 746, 747, 748, 749, 752, 753, 754, 755, 757, 758, 762, 763, 764, 765], "excluded_lines": [], "start_line": 1}}}, "src\\config.py": {"executed_lines": [6, 7, 8, 10, 13, 16, 17, 20, 23, 24, 25, 28, 32, 33, 36, 37, 40, 41, 42, 45, 46, 49, 50, 52, 54, 55, 57, 58, 59, 61, 63, 65, 67, 69, 70, 71, 73, 74, 76, 77, 78, 81, 83, 84, 85, 87, 88, 90, 92, 93, 101, 102, 104, 106, 107, 112, 120, 123, 124, 128, 131, 132, 135, 136, 139, 140, 142, 143, 146, 147, 148, 151, 152, 153, 157, 158, 160, 164, 167, 170, 171, 172, 175], "summary": {"covered_lines": 83, "num_statements": 95, "percent_covered": 87.36842105263158, "percent_covered_display": "87", "missing_lines": 12, "excluded_lines": 0, "percent_statements_covered": 87.36842105263158, "percent_statements_covered_display": "87"}, "missing_lines": [62, 64, 66, 79, 80, 89, 95, 109, 125, 154, 178, 179], "excluded_lines": [], "functions": {"Config.validate_export_xml_path": {"executed_lines": [61, 63, 65, 67], "summary": {"covered_lines": 4, "num_statements": 7, "percent_covered": 57.142857142857146, "percent_covered_display": "57", "missing_lines": 3, "excluded_lines": 0, "percent_statements_covered": 57.142857142857146, "percent_statements_covered_display": "57"}, "missing_lines": [62, 64, 66], "excluded_lines": [], "start_line": 59}, "Config.validate_output_dir": {"executed_lines": [73, 74, 76, 77, 78, 81], "summary": {"covered_lines": 6, "num_statements": 8, "percent_covered": 75.0, "percent_covered_display": "75", "missing_lines": 2, "excluded_lines": 0, "percent_statements_covered": 75.0, "percent_statements_covered_display": "75"}, "missing_lines": [79, 80], "excluded_lines": [], "start_line": 71}, "Config.validate_log_level": {"executed_lines": [87, 88, 90], "summary": {"covered_lines": 3, "num_statements": 4, "percent_covered": 75.0, "percent_covered_display": "75", "missing_lines": 1, "excluded_lines": 0, "percent_statements_covered": 75.0, "percent_statements_covered_display": "75"}, "missing_lines": [89], "excluded_lines": [], "start_line": 85}, "Config.source_priority_map": {"executed_lines": [], "summary": {"covered_lines": 0, "num_statements": 1, "percent_covered": 0.0, "percent_covered_display": "0", "missing_lines": 1, "excluded_lines": 0, "percent_statements_covered": 0.0, "percent_statements_covered_display": "0"}, "missing_lines": [95], "excluded_lines": [], "start_line": 93}, "Config.is_development": {"executed_lines": [104], "summary": {"covered_lines": 1, "num_statements": 1, "percent_covered": 100.0, "percent_covered_display": "100", "missing_lines": 0, "excluded_lines": 0, "percent_statements_covered": 100.0, "percent_statements_covered_display": "100"}, "missing_lines": [], "excluded_lines": [], "start_line": 102}, "Config.is_production": {"executed_lines": [], "summary": {"covered_lines": 0, "num_statements": 1, "percent_covered": 0.0, "percent_covered_display": "0", "missing_lines": 1, "excluded_lines": 0, "percent_statements_covered": 0.0, "percent_statements_covered_display": "0"}, "missing_lines": [109], "excluded_lines": [], "start_line": 107}, "load_config": {"executed_lines": [120, 123, 124, 128, 131, 132, 135, 136, 139, 140, 142, 143, 146, 147, 148, 151, 152, 153, 157, 158, 160], "summary": {"covered_lines": 21, "num_statements": 23, "percent_covered": 91.30434782608695, "percent_covered_display": "91", "missing_lines": 2, "excluded_lines": 0, "percent_statements_covered": 91.30434782608695, "percent_statements_covered_display": "91"}, "missing_lines": [125, 154], "excluded_lines": [], "start_line": 112}, "get_config": {"executed_lines": [170, 171, 172], "summary": {"covered_lines": 3, "num_statements": 3, "percent_covered": 100.0, "percent_covered_display": "100", "missing_lines": 0, "excluded_lines": 0, "percent_statements_covered": 100.0, "percent_statements_covered_display": "100"}, "missing_lines": [], "excluded_lines": [], "start_line": 167}, "reload_config": {"executed_lines": [], "summary": {"covered_lines": 0, "num_statements": 2, "percent_covered": 0.0, "percent_covered_display": "0", "missing_lines": 2, "excluded_lines": 0, "percent_statements_covered": 0.0, "percent_statements_covered_display": "0"}, "missing_lines": [178, 179], "excluded_lines": [], "start_line": 175}, "": {"executed_lines": [6, 7, 8, 10, 13, 16, 17, 20, 23, 24, 25, 28, 32, 33, 36, 37, 40, 41, 42, 45, 46, 49, 50, 52, 54, 55, 57, 58, 59, 69, 70, 71, 83, 84, 85, 92, 93, 101, 102, 106, 107, 112, 164, 167, 175], "summary": {"covered_lines": 45, "num_statements": 45, "percent_covered": 100.0, "percent_covered_display": "100", "missing_lines": 0, "excluded_lines": 0, "percent_statements_covered": 100.0, "percent_statements_covered_display": "100"}, "missing_lines": [], "excluded_lines": [], "start_line": 1}}, "classes": {"Environment": {"executed_lines": [], "summary": {"covered_lines": 0, "num_statements": 0, "percent_covered": 100.0, "percent_covered_display": "100", "missing_lines": 0, "excluded_lines": 0, "percent_statements_covered": 100.0, "percent_statements_covered_display": "100"}, "missing_lines": [], "excluded_lines": [], "start_line": 13}, "DataSourcePriority": {"executed_lines": [], "summary": {"covered_lines": 0, "num_statements": 0, "percent_covered": 100.0, "percent_covered_display": "100", "missing_lines": 0, "excluded_lines": 0, "percent_statements_covered": 100.0, "percent_statements_covered_display": "100"}, "missing_lines": [], "excluded_lines": [], "start_line": 20}, "Config": {"executed_lines": [61, 63, 65, 67, 73, 74, 76, 77, 78, 81, 87, 88, 90, 104], "summary": {"covered_lines": 14, "num_statements": 22, "percent_covered": 63.63636363636363, "percent_covered_display": "64", "missing_lines": 8, "excluded_lines": 0, "percent_statements_covered": 63.63636363636363, "percent_statements_covered_display": "64"}, "missing_lines": [62, 64, 66, 79, 80, 89, 95, 109], "excluded_lines": [], "start_line": 28}, "Config.Config": {"executed_lines": [], "summary": {"covered_lines": 0, "num_statements": 0, "percent_covered": 100.0, "percent_covered_display": "100", "missing_lines": 0, "excluded_lines": 0, "percent_statements_covered": 100.0, "percent_statements_covered_display": "100"}, "missing_lines": [], "excluded_lines": [], "start_line": 52}, "": {"executed_lines": [6, 7, 8, 10, 13, 16, 17, 20, 23, 24, 25, 28, 32, 33, 36, 37, 40, 41, 42, 45, 46, 49, 50, 52, 54, 55, 57, 58, 59, 69, 70, 71, 83, 84, 85, 92, 93, 101, 102, 106, 107, 112, 120, 123, 124, 128, 131, 132, 135, 136, 139, 140, 142, 143, 146, 147, 148, 151, 152, 153, 157, 158, 160, 164, 167, 170, 171, 172, 175], "summary": {"covered_lines": 69, "num_statements": 73, "percent_covered": 94.52054794520548, "percent_covered_display": "95", "missing_lines": 4, "excluded_lines": 0, "percent_statements_covered": 94.52054794520548, "percent_statements_covered_display": "95"}, "missing_lines": [125, 154, 178, 179], "excluded_lines": [], "start_line": 1}}}, "src\\core\\__init__.py": {"executed_lines": [3, 5], "summary": {"covered_lines": 2, "num_statements": 2, "percent_covered": 100.0, "percent_covered_display": "100", "missing_lines": 0, "excluded_lines": 0, "percent_statements_covered": 100.0, "percent_statements_covered_display": "100"}, "missing_lines": [], "excluded_lines": [], "functions": {"": {"executed_lines": [3, 5], "summary": {"covered_lines": 2, "num_statements": 2, "percent_covered": 100.0, "percent_covered_display": "100", "missing_lines": 0, "excluded_lines": 0, "percent_statements_covered": 100.0, "percent_statements_covered_display": "100"}, "missing_lines": [], "excluded_lines": [], "start_line": 1}}, "classes": {"": {"executed_lines": [3, 5], "summary": {"covered_lines": 2, "num_statements": 2, "percent_covered": 100.0, "percent_covered_display": "100", "missing_lines": 0, "excluded_lines": 0, "percent_statements_covered": 100.0, "percent_statements_covered_display": "100"}, "missing_lines": [], "excluded_lines": [], "start_line": 1}}}, "src\\core\\data_models.py": {"executed_lines": [6, 7, 8, 9, 11, 20, 23, 24, 25, 26, 27, 28, 31, 34, 35, 36, 39, 46, 47, 48, 49, 53, 60, 61, 62, 66, 67, 69, 71, 72, 74, 76, 77, 79, 81, 82, 84, 86, 87, 88, 89, 90, 91, 96, 100, 101, 102, 103, 104, 106, 113, 114, 115, 117, 118, 119, 121, 122, 124, 127, 130, 132, 133, 134, 136, 138, 140, 141, 145, 146, 151, 154, 160, 163, 164, 165, 167, 169, 170, 171, 173, 175, 177, 178, 179, 180, 181, 183, 184, 185, 187, 192, 195, 198, 202, 210, 213, 217, 225, 228, 232, 238, 241, 245, 251, 254, 258, 264, 267, 271, 277, 280, 282, 283, 284, 286, 287, 289, 290, 294, 295, 297, 304, 305, 307, 309, 310, 312, 315, 319, 320, 325, 326, 327, 331, 332, 334, 336, 337, 346, 347, 354, 357, 360, 361, 364, 367, 368, 369, 372, 373, 376, 378, 380, 381, 382, 385, 386, 387, 395, 396, 397, 405, 406, 407, 415, 417, 418, 420, 422, 423, 427, 428, 434, 444, 456, 470, 472, 473, 474, 475, 478, 479, 481, 482, 489, 496, 497, 504, 507, 508, 513, 514, 515, 516, 517, 521, 522, 533, 534, 535, 538, 539, 540, 543, 544, 552, 563, 564, 576, 580, 581, 582], "summary": {"covered_lines": 213, "num_statements": 276, "percent_covered": 77.17391304347827, "percent_covered_display": "77", "missing_lines": 63, "excluded_lines": 0, "percent_statements_covered": 77.17391304347827, "percent_statements_covered_display": "77"}, "missing_lines": [64, 93, 137, 143, 148, 189, 191, 204, 205, 206, 207, 219, 220, 221, 222, 291, 292, 342, 343, 344, 349, 350, 351, 425, 430, 483, 484, 486, 498, 499, 500, 502, 519, 523, 524, 525, 528, 530, 545, 546, 547, 548, 550, 553, 556, 557, 558, 560, 565, 566, 567, 569, 571, 572, 574, 577, 583, 584, 585, 588, 590, 592, 593], "excluded_lines": [], "functions": {"BaseRecord.record_type": {"executed_lines": [], "summary": {"covered_lines": 0, "num_statements": 1, "percent_covered": 0.0, "percent_covered_display": "0", "missing_lines": 1, "excluded_lines": 0, "percent_statements_covered": 0.0, "percent_statements_covered_display": "0"}, "missing_lines": [64], "excluded_lines": [], "start_line": 62}, "BaseRecord.duration_seconds": {"executed_lines": [69], "summary": {"covered_lines": 1, "num_statements": 1, "percent_covered": 100.0, "percent_covered_display": "100", "missing_lines": 0, "excluded_lines": 0, "percent_statements_covered": 100.0, "percent_statements_covered_display": "100"}, "missing_lines": [], "excluded_lines": [], "start_line": 67}, "BaseRecord.duration_minutes": {"executed_lines": [74], "summary": {"covered_lines": 1, "num_statements": 1, "percent_covered": 100.0, "percent_covered_display": "100", "missing_lines": 0, "excluded_lines": 0, "percent_statements_covered": 100.0, "percent_statements_covered_display": "100"}, "missing_lines": [], "excluded_lines": [], "start_line": 72}, "BaseRecord.duration_hours": {"executed_lines": [79], "summary": {"covered_lines": 1, "num_statements": 1, "percent_covered": 100.0, "percent_covered_display": "100", "missing_lines": 0, "excluded_lines": 0, "percent_statements_covered": 100.0, "percent_statements_covered_display": "100"}, "missing_lines": [], "excluded_lines": [], "start_line": 77}, "BaseRecord.source_priority": {"executed_lines": [84, 86, 87, 88, 89, 90, 91], "summary": {"covered_lines": 7, "num_statements": 8, "percent_covered": 87.5, "percent_covered_display": "88", "missing_lines": 1, "excluded_lines": 0, "percent_statements_covered": 87.5, "percent_statements_covered_display": "88"}, "missing_lines": [93], "excluded_lines": [], "start_line": 82}, "HealthRecord.validate_end_date": {"executed_lines": [117, 118, 119], "summary": {"covered_lines": 3, "num_statements": 3, "percent_covered": 100.0, "percent_covered_display": "100", "missing_lines": 0, "excluded_lines": 0, "percent_statemen
[...]
2, 651, 671, 695, 772, 857, 928, 1007, 1073, 1098, 1123, 1266, 1340, 1404, 1475, 1558, 1631, 1716], "summary": {"covered_lines": 39, "num_statements": 39, "percent_covered": 100.0, "percent_covered_display": "100", "missing_lines": 0, "excluded_lines": 0, "percent_statements_covered": 100.0, "percent_statements_covered_display": "100"}, "missing_lines": [], "excluded_lines": [], "start_line": 1}}}, "src\\visualization\\data_converter.py": {"executed_lines": [], "summary": {"covered_lines": 0, "num_statements": 132, "percent_covered": 0.0, "percent_covered_display": "0", "missing_lines": 132, "excluded_lines": 0, "percent_statements_covered": 0.0, "percent_statements_covered_display": "0"}, "missing_lines": [3, 5, 7, 8, 10, 13, 19, 20, 29, 30, 32, 33, 34, 37, 46, 47, 48, 50, 53, 55, 56, 65, 66, 68, 69, 70, 73, 83, 84, 86, 87, 89, 92, 94, 95, 104, 105, 107, 108, 109, 112, 122, 123, 125, 126, 128, 131, 133, 134, 145, 146, 160, 161, 162, 179, 180, 181, 183, 186, 188, 189, 198, 199, 204, 205, 206, 209, 210, 213, 220, 221, 223, 226, 228, 229, 238, 239, 244, 245, 246, 249, 250, 253, 260, 261, 263, 266, 268, 269, 278, 279, 292, 311, 312, 314, 315, 327, 328, 331, 332, 334, 337, 346, 347, 349, 350, 351, 359, 360, 362, 363, 365, 366, 375, 376, 379, 380, 381, 382, 384, 385, 387, 408, 410, 413, 415, 416, 428, 429, 432, 434, 437], "excluded_lines": [], "functions": {"DataConverter.heart_rate_to_df": {"executed_lines": [], "summary": {"covered_lines": 0, "num_statements": 11, "percent_covered": 0.0, "percent_covered_display": "0", "missing_lines": 11, "excluded_lines": 0, "percent_statements_covered": 0.0, "percent_statements_covered_display": "0"}, "missing_lines": [29, 30, 32, 33, 34, 37, 46, 47, 48, 50, 53], "excluded_lines": [], "start_line": 20}, "DataConverter.resting_hr_to_df": {"executed_lines": [], "summary": {"covered_lines": 0, "num_statements": 12, "percent_covered": 0.0, "percent_covered_display": "0", "missing_lines": 12, "excluded_lines": 0, "percent_statements_covered": 0.0, "percent_statements_covered_display": "0"}, "missing_lines": [65, 66, 68, 69, 70, 73, 83, 84, 86, 87, 89, 92], "excluded_lines": [], "start_line": 56}, "DataConverter.hrv_to_df": {"executed_lines": [], "summary": {"covered_lines": 0, "num_statements": 12, "percent_covered": 0.0, "percent_covered_display": "0", "missing_lines": 12, "excluded_lines": 0, "percent_statements_covered": 0.0, "percent_statements_covered_display": "0"}, "missing_lines": [104, 105, 107, 108, 109, 112, 122, 123, 125, 126, 128, 131], "excluded_lines": [], "start_line": 95}, "DataConverter.sleep_sessions_to_df": {"executed_lines": [], "summary": {"covered_lines": 0, "num_statements": 10, "percent_covered": 0.0, "percent_covered_display": "0", "missing_lines": 10, "excluded_lines": 0, "percent_statements_covered": 0.0, "percent_statements_covered_display": "0"}, "missing_lines": [145, 146, 160, 161, 162, 179, 180, 181, 183, 186], "excluded_lines": [], "start_line": 134}, "DataConverter.aggregate_heart_rate_by_hour": {"executed_lines": [], "summary": {"covered_lines": 0, "num_statements": 12, "percent_covered": 0.0, "percent_covered_display": "0", "missing_lines": 12, "excluded_lines": 0, "percent_statements_covered": 0.0, "percent_statements_covered_display": "0"}, "missing_lines": [198, 199, 204, 205, 206, 209, 210, 213, 220, 221, 223, 226], "excluded_lines": [], "start_line": 189}, "DataConverter.aggregate_heart_rate_by_day": {"executed_lines": [], "summary": {"covered_lines": 0, "num_statements": 12, "percent_covered": 0.0, "percent_covered_display": "0", "missing_lines": 12, "excluded_lines": 0, "percent_statements_covered": 0.0, "percent_statements_covered_display": "0"}, "missing_lines": [238, 239, 244, 245, 246, 249, 250, 253, 260, 261, 263, 266], "excluded_lines": [], "start_line": 229}, "DataConverter.aggregate_sleep_by_day": {"executed_lines": [], "summary": {"covered_lines": 0, "num_statements": 5, "percent_covered": 0.0, "percent_covered_display": "0", "missing_lines": 5, "excluded_lines": 0, "percent_statements_covered": 0.0, "percent_statements_covered_display": "0"}, "missing_lines": [278, 279, 292, 311, 312], "excluded_lines": [], "start_line": 269}, "DataConverter.prepare_heart_rate_zones": {"executed_lines": [], "summary": {"covered_lines": 0, "num_statements": 15, "percent_covered": 0.0, "percent_covered_display": "0", "missing_lines": 15, "excluded_lines": 0, "percent_statements_covered": 0.0, "percent_statements_covered_display": "0"}, "missing_lines": [327, 328, 331, 332, 334, 337, 346, 347, 349, 350, 351, 359, 360, 362, 363], "excluded_lines": [], "start_line": 315}, "DataConverter.prepare_sleep_stages_distribution": {"executed_lines": [], "summary": {"covered_lines": 0, "num_statements": 12, "percent_covered": 0.0, "percent_covered_display": "0", "missing_lines": 12, "excluded_lines": 0, "percent_statements_covered": 0.0, "percent_statements_covered_display": "0"}, "missing_lines": [375, 376, 379, 380, 381, 382, 384, 385, 387, 408, 410, 413], "excluded_lines": [], "start_line": 366}, "DataConverter.sample_data_for_performance": {"executed_lines": [], "summary": {"covered_lines": 0, "num_statements": 5, "percent_covered": 0.0, "percent_covered_display": "0", "missing_lines": 5, "excluded_lines": 0, "percent_statements_covered": 0.0, "percent_statements_covered_display": "0"}, "missing_lines": [428, 429, 432, 434, 437], "excluded_lines": [], "start_line": 416}, "": {"executed_lines": [], "summary": {"covered_lines": 0, "num_statements": 26, "percent_covered": 0.0, "percent_covered_display": "0", "missing_lines": 26, "excluded_lines": 0, "percent_statements_covered": 0.0, "percent_statements_covered_display": "0"}, "missing_lines": [3, 5, 7, 8, 10, 13, 19, 20, 55, 56, 94, 95, 133, 134, 188, 189, 228, 229, 268, 269, 314, 315, 365, 366, 415, 416], "excluded_lines": [], "start_line": 1}}, "classes": {"DataConverter": {"executed_lines": [], "summary": {"covered_lines": 0, "num_statements": 106, "percent_covered": 0.0, "percent_covered_display": "0", "missing_lines": 106, "excluded_lines": 0, "percent_statements_covered": 0.0, "percent_statements_covered_display": "0"}, "missing_lines": [29, 30, 32, 33, 34, 37, 46, 47, 48, 50, 53, 65, 66, 68, 69, 70, 73, 83, 84, 86, 87, 89, 92, 104, 105, 107, 108, 109, 112, 122, 123, 125, 126, 128, 131, 145, 146, 160, 161, 162, 179, 180, 181, 183, 186, 198, 199, 204, 205, 206, 209, 210, 213, 220, 221, 223, 226, 238, 239, 244, 245, 246, 249, 250, 253, 260, 261, 263, 266, 278, 279, 292, 311, 312, 327, 328, 331, 332, 334, 337, 346, 347, 349, 350, 351, 359, 360, 362, 363, 375, 376, 379, 380, 381, 382, 384, 385, 387, 408, 410, 413, 428, 429, 432, 434, 437], "excluded_lines": [], "start_line": 13}, "": {"executed_lines": [], "summary": {"covered_lines": 0, "num_statements": 26, "percent_covered": 0.0, "percent_covered_display": "0", "missing_lines": 26, "excluded_lines": 0, "percent_statements_covered": 0.0, "percent_statements_covered_display": "0"}, "missing_lines": [3, 5, 7, 8, 10, 13, 19, 20, 55, 56, 94, 95, 133, 134, 188, 189, 228, 229, 268, 269, 314, 315, 365, 366, 415, 416], "excluded_lines": [], "start_line": 1}}}, "src\\visualization\\reports.py": {"executed_lines": [3, 4, 5, 7, 8, 9, 10, 11, 13, 16, 23, 29, 30, 33, 35, 37, 59, 62, 65, 70, 71, 76, 77, 80, 81, 84, 89, 92, 93, 94, 98, 100, 101, 103, 121, 123, 124, 127, 130, 131, 132, 133, 136, 137, 138, 139, 142, 143, 144, 145, 150, 151, 152, 155, 156, 157, 158, 159, 160, 164, 165, 166, 167, 168, 169, 170, 171, 174, 175, 176, 177, 178, 179, 181, 182, 183, 184, 185, 186, 189, 190, 191, 192, 193, 196, 200, 202, 203, 205, 221, 224, 225, 226, 227, 230, 231, 232, 235, 240, 244, 246, 247, 249, 256, 484, 487, 499, 502, 505, 514, 516, 518, 519, 520, 523, 524, 531, 532, 533, 536, 539, 540, 541, 542, 543, 546, 547, 554, 555, 556, 557, 560, 561, 568, 569, 570, 573, 575, 576, 578, 580, 584, 587, 588, 589, 590, 592, 593, 594, 595, 596, 598, 599, 600, 601, 603, 604, 605, 606, 608, 609, 610, 613, 615, 616, 619, 620, 621, 622, 624, 625, 626, 627, 628, 630, 631, 632, 633, 635, 636, 637, 638, 640, 641, 642, 643, 645, 646, 649, 661, 672, 674, 676, 677, 680, 681, 682, 683, 684, 685, 686, 687, 690, 694, 695, 696, 697, 698, 699, 700, 703, 704, 705, 707, 708, 709, 710, 711, 712, 714, 715, 716, 718, 720, 721, 723, 725, 918, 925, 926, 927, 930, 931, 932, 933, 936, 938, 939, 940, 941, 944, 945, 946, 947, 950, 952, 953, 954, 955, 958, 959, 960, 963, 964, 965, 967, 968, 970, 972, 979, 980, 983, 984, 987, 988, 991, 992, 993, 994, 996, 997, 998, 1001, 1003, 1004, 1005, 1008, 1010, 1011, 1012, 1013, 1016, 1018, 1019, 1020, 1021, 1023, 1025, 1026, 1028, 1032, 1033, 1036, 1037, 1040, 1041, 1044, 1045, 1046, 1047, 1049, 1050, 1051, 1052, 1055, 1057, 1058, 1059, 1060, 1063, 1065, 1066, 1067, 1068, 1071, 1073, 1075, 1076, 1078, 1080, 1081, 1084, 1085, 1086, 1088, 1089, 1090, 1095, 1096, 1097, 1098, 1100, 1103, 1104, 1105, 1106, 1107, 1108, 1109, 1110, 1112, 1113, 1115, 1121, 1122, 1124, 1125, 1126, 1127, 1128, 1131, 1132, 1134, 1135, 1136, 1137, 1138, 1141, 1142, 1144, 1145, 1147, 1149], "summary": {"covered_lines": 363, "num_statements": 366, "percent_covered": 99.18032786885246, "percent_covered_display": "99", "missing_lines": 3, "excluded_lines": 0, "percent_statements_covered": 99.18032786885246, "percent_statements_covered_display": "99"}, "missing_lines": [488, 650, 662], "excluded_lines": [], "functions": {"ReportGenerator.__init__": {"executed_lines": [29, 30, 33, 35], "summary": {"covered_lines": 4, "num_statements": 4, "percent_covered": 100.0, "percent_covered_display": "100", "missing_lines": 0, "excluded_lines": 0, "percent_statements_covered": 100.0, "percent_statements_covered_display": "100"}, "missing_lines": [], "excluded_lines": [], "start_line": 23}, "ReportGenerator.generate_html_report": {"executed_lines": [59, 62, 65, 70, 71, 76, 77, 80, 81, 84, 89, 92, 93, 94, 98, 100, 101], "summary": {"covered_lines": 17, "num_statements": 17, "percent_covered": 100.0, "percent_covered_display": "100", "missing_lines": 0, "excluded_lines": 0, "percent_statements_covered": 100.0, "percent_statements_covered_display": "100"}, "missing_lines": [], "excluded_lines": [], "start_line": 37}, "ReportGenerator.generate_markdown_report": {"executed_lines": [121, 123, 124, 127, 130, 131, 132, 133, 136, 137, 138, 139, 142, 143, 144, 145, 150, 151, 152, 155, 156, 157, 158, 159, 160, 164, 165, 166, 167, 168, 169, 170, 171, 174, 175, 176, 177, 178, 179, 181, 182, 183, 184, 185, 186, 189, 190, 191, 192, 193, 196, 200, 202, 203], "summary": {"covered_lines": 54, "num_statements": 54, "percent_covered": 100.0, "percent_covered_display": "100", "missing_lines": 0, "excluded_lines": 0, "percent_statements_covered": 100.0, "percent_statements_covered_display": "100"}, "missing_lines": [], "excluded_lines": [], "start_line": 103}, "ReportGenerator.generate_comprehensive_report": {"executed_lines": [221, 224, 225, 226, 227, 230, 231, 232, 235, 240, 244, 246, 247], "summary": {"covered_lines": 13, "num_statements": 13, "percent_covered": 100.0, "percent_covered_display": "100", "missing_lines": 0, "excluded_lines": 0, "percent_statements_covered": 100.0, "percent_statements_covered_display": "100"}, "missing_lines": [], "excluded_lines": [], "start_line": 205}, "ReportGenerator._create_comprehensive_html_structure": {"executed_lines": [256, 484, 487, 499, 502, 505, 514], "summary": {"covered_lines": 7, "num_statements": 8, "percent_covered": 87.5, "percent_covered_display": "88", "missing_lines": 1, "excluded_lines": 0, "percent_statements_covered": 87.5, "percent_statements_covered_display": "88"}, "missing_lines": [488], "excluded_lines": [], "start_line": 249}, "ReportGenerator._create_comprehensive_summary": {"executed_lines": [518, 519, 520, 523, 524, 531, 532, 533, 536, 539, 540, 541, 542, 543, 546, 547, 554, 555, 556, 557, 560, 561, 568, 569, 570, 573, 575, 576, 578], "summary": {"covered_lines": 29, "num_statements": 29, "percent_covered": 100.0, "percent_covered_display": "100", "missing_lines": 0, "excluded_lines": 0, "percent_statements_covered": 100.0, "percent_statements_covered_display": "100"}, "missing_lines": [], "excluded_lines": [], "start_line": 516}, "ReportGenerator._create_detailed_analysis_sections": {"executed_lines": [584, 587, 588, 589, 590, 592, 593, 594, 595, 596, 598, 599, 600, 601, 603, 604, 605, 606, 608, 609, 610, 613, 615, 616, 619, 620, 621, 622, 624, 625, 626, 627, 628, 630, 631, 632, 633, 635, 636, 637, 638, 640, 641, 642, 643, 645, 646, 649, 661, 672], "summary": {"covered_lines": 50, "num_statements": 52, "percent_covered": 96.15384615384616, "percent_covered_display": "96", "missing_lines": 2, "excluded_lines": 0, "percent_statements_covered": 96.15384615384616, "percent_statements_covered_display": "96"}, "missing_lines": [650, 662], "excluded_lines": [], "start_line": 580}, "ReportGenerator._create_recommendations_section": {"executed_lines": [676, 677, 680, 681, 682, 683, 684, 685, 686, 687, 690, 694, 695, 696, 697, 698, 699, 700, 703, 704, 705, 707, 708, 709, 710, 711, 712, 714, 715, 716, 718, 720, 721], "summary": {"covered_lines": 33, "num_statements": 33, "percent_covered": 100.0, "percent_covered_display": "100", "missing_lines": 0, "excluded_lines": 0, "percent_statements_covered": 100.0, "percent_statements_covered_display": "100"}, "missing_lines": [], "excluded_lines": [], "start_line": 674}, "ReportGenerator._create_html_structure": {"executed_lines": [725], "summary": {"covered_lines": 1, "num_statements": 1, "percent_covered": 100.0, "percent_covered_display": "100", "missing_lines": 0, "excluded_lines": 0, "percent_statements_covered": 100.0, "percent_statements_covered_display": "100"}, "missing_lines": [], "excluded_lines": [], "start_line": 723}, "ReportGenerator._create_executive_summary": {"executed_lines": [925, 926, 927, 930, 931, 932, 933, 936, 938, 939, 940, 941, 944, 945, 946, 947, 950, 952, 953, 954, 955, 958, 959, 960, 963, 964, 965, 967, 968, 970], "summary": {"covered_lines": 30, "num_statements": 30, "percent_covered": 100.0, "percent_covered_display": "100", "missing_lines": 0, "excluded_lines": 0, "percent_statements_covered": 100.0, "percent_statements_covered_display": "100"}, "missing_lines": [], "excluded_lines": [], "start_line": 918}, "ReportGenerator._create_heart_rate_section": {"executed_lines": [979, 980, 983, 984, 987, 988, 991, 992, 993, 994, 996, 997, 998, 1001, 1003, 1004, 1005, 1008, 1010, 1011, 1012, 1013, 1016, 1018, 1019, 1020, 1021, 1023, 1025, 1026], "summary": {"covered_lines": 30, "num_statements": 30, "percent_covered": 100.0, "percent_covered_display": "100", "missing_lines": 0, "excluded_lines": 0, "percent_statements_covered": 100.0, "percent_statements_covered_display": "100"}, "missing_lines": [], "excluded_lines": [], "start_line": 972}, "ReportGenerator._create_sleep_section": {"executed_lines": [1032, 1033, 1036, 1037, 1040, 1041, 1044, 1045, 1046, 1047, 1049, 1050, 1051, 1052, 1055, 1057, 1058, 1059, 1060, 1063, 1065, 1066, 1067, 1068, 1071, 1073, 1075, 1076], "summary": {"covered_lines": 28, "num_statements": 28, "percent_covered": 100.0, "percent_covered_display": "100", "missing_lines": 0, "excluded_lines": 0, "percent_statements_covered": 100.0, "percent_statements_covered_display": "100"}, "missing_lines": [], "excluded_lines": [], "start_line": 1028}, "ReportGenerator._create_highlights_section": {"executed_lines": [1080, 1081, 1084, 1085, 1086, 1088, 1089, 1090, 1095, 1096, 1097, 1098, 1100, 1103, 1104, 1105, 1106, 1107, 1108, 1109, 1110, 1112, 1113], "summary": {"covered_lines": 23, "num_statements": 23, "percent_covered": 100.0, "percent_covered_display": "100", "missing_lines": 0, "excluded_lines": 0, "percent_statements_covered": 100.0, "percent_statements_covered_display": "100"}, "missing_lines": [], "excluded_lines": [], "start_line": 1078}, "ReportGenerator._create_data_quality_section": {"executed_lines": [1121, 1122, 1124, 1125, 1126, 1127, 1128, 1131, 1132, 1134, 1135, 1136, 1137, 1138, 1141, 1142, 1144, 1145], "summary": {"covered_lines": 18, "num_statements": 18, "percent_covered": 100.0, "percent_covered_display": "100", "missing_lines": 0, "excluded_lines": 0, "percent_statements_covered": 100.0, "percent_statements_covered_display": "100"}, "missing_lines": [], "excluded_lines": [], "start_line": 1115}, "ReportGenerator._close_html_structure": {"executed_lines": [1149], "summary": {"covered_lines": 1, "num_statements": 1, "percent_covered": 100.0, "percent_covered_display": "100", "missing_lines": 0, "excluded_lines": 0, "percent_statements_covered": 100.0, "percent_statements_covered_display": "100"}, "missing_lines": [], "excluded_lines": [], "start_line": 1147}, "": {"executed_lines": [3, 4, 5, 7, 8, 9, 10, 11, 13, 16, 23, 37, 103, 205, 249, 516, 580, 674, 723, 918, 972, 1028, 1078, 1115, 1147], "summary": {"covered_lines": 25, "num_statements": 25, "percent_covered": 100.0, "percent_covered_display": "100", "missing_lines": 0, "excluded_lines": 0, "percent_statements_covered": 100.0, "percent_statements_covered_display": "100"}, "missing_lines": [], "excluded_lines": [], "start_line": 1}}, "classes": {"ReportGenerator": {"executed_lines": [29, 30, 33, 35, 59, 62, 65, 70, 71, 76, 77, 80, 81, 84, 89, 92, 93, 94, 98, 100, 101, 121, 123, 124, 127, 130, 131, 132, 133, 136, 137, 138, 139, 142, 143, 144, 145, 150, 151, 152, 155, 156, 157, 158, 159, 160, 164, 165, 166, 167, 168, 169, 170, 171, 174, 175, 176, 177, 178, 179, 181, 182, 183, 184, 185, 186, 189, 190, 191, 192, 193, 196, 200, 202, 203, 221, 224, 225, 226, 227, 230, 231, 232, 235, 240, 244, 246, 247, 256, 484, 487, 499, 502, 505, 514, 518, 519, 520, 523, 524, 531, 532, 533, 536, 539, 540, 541, 542, 543, 546, 547, 554, 555, 556, 557, 560, 561, 568, 569, 570, 573, 575, 576, 578, 584, 587, 588, 589, 590, 592, 593, 594, 595, 596, 598, 599, 600, 601, 603, 604, 605, 606, 608, 609, 610, 613, 615, 616, 619, 620, 621, 622, 624, 625, 626, 627, 628, 630, 631, 632, 633, 635, 636, 637, 638, 640, 641, 642, 643, 645, 646, 649, 661, 672, 676, 677, 680, 681, 682, 683, 684, 685, 686, 687, 690, 694, 695, 696, 697, 698, 699, 700, 703, 704, 705, 707, 708, 709, 710, 711, 712, 714, 715, 716, 718, 720, 721, 725, 925, 926, 927, 930, 931, 932, 933, 936, 938, 939, 940, 941, 944, 945, 946, 947, 950, 952, 953, 954, 955, 958, 959, 960, 963, 964, 965, 967, 968, 970, 979, 980, 983, 984, 987, 988, 991, 992, 993, 994, 996, 997, 998, 1001, 1003, 1004, 1005, 1008, 1010, 1011, 1012, 1013, 1016, 1018, 1019, 1020, 1021, 1023, 1025, 1026, 1032, 1033, 1036, 1037, 1040, 1041, 1044, 1045, 1046, 1047, 1049, 1050, 1051, 1052, 1055, 1057, 1058, 1059, 1060, 1063, 1065, 1066, 1067, 1068, 1071, 1073, 1075, 1076, 1080, 1081, 1084, 1085, 1086, 1088, 1089, 1090, 1095, 1096, 1097, 1098, 1100, 1103, 1104, 1105, 1106, 1107, 1108, 1109, 1110, 1112, 1113, 1121, 1122, 1124, 1125, 1126, 1127, 1128, 1131, 1132, 1134, 1135, 1136, 1137, 1138, 1141, 1142, 1144, 1145, 1149], "summary": {"covered_lines": 338, "num_statements": 341, "percent_covered": 99.12023460410558, "percent_covered_display": "99", "missing_lines": 3, "excluded_lines": 0, "percent_statements_covered": 99.12023460410558, "percent_statements_covered_display": "99"}, "missing_lines": [488, 650, 662], "excluded_lines": [], "start_line": 16}, "": {"executed_lines": [3, 4, 5, 7, 8, 9, 10, 11, 13, 16, 23, 37, 103, 205, 249, 516, 580, 674, 723, 918, 972, 1028, 1078, 1115, 1147], "summary": {"covered_lines": 25, "num_statements": 25, "percent_covered": 100.0, "percent_covered_display": "100", "missing_lines": 0, "excluded_lines": 0, "percent_statements_covered": 100.0, "percent_statements_covered_display": "100"}, "missing_lines": [], "excluded_lines": [], "start_line": 1}}}}, "totals": {"covered_lines": 2902, "num_statements": 5529, "percent_covered": 52.486887321396274, "percent_covered_display": "52", "missing_lines": 2627, "excluded_lines": 22, "percent_statements_covered": 52.486887321396274, "percent_statements_covered_display": "52"}}